[2016-09-07 18:25:54.384] [INFO ] [wb] .
[2016-09-07 18:25:54.386] [INFO ] [wb] 作者：李飞（仨多他爹）
[2016-09-07 18:25:54.386] [INFO ] [wb] .
[2016-09-07 18:25:54.387] [INFO ] [wb] *****产品信息*****
[2016-09-07 18:25:54.387] [INFO ] [wb] JFinal版本:2.2-java8-v6
[2016-09-07 18:25:54.387] [INFO ] [wb] JFinal发布日期:2016-07-10
[2016-09-07 18:25:54.387] [INFO ] [wb] JFinal改进功能:Shiro增加自定义后缀
[2016-09-07 18:25:54.387] [INFO ] [wb] Core框架版本:8.7.1
[2016-09-07 18:25:54.387] [INFO ] [wb] Core框架发布日期:2016-07-13
[2016-09-07 18:25:54.388] [INFO ] [wb] Core框架改进功能:主键支持Long，Integer和String三种
[2016-09-07 18:25:54.388] [INFO ] [wb] Web框架版本:9.11.3
[2016-09-07 18:25:54.388] [INFO ] [wb] Web框架发布日期:2016-07-29
[2016-09-07 18:25:54.388] [INFO ] [wb] Web框架改进功能:去掉操作日志导出功能，修正用户锁定状态显示问题
[2016-09-07 18:25:54.388] [INFO ] [wb] App应用版本:2.0
[2016-09-07 18:25:54.389] [INFO ] [wb] App应用发布日期:2015-09-05
[2016-09-07 18:25:54.389] [INFO ] [wb] App应用改进功能:核心框架更新
[2016-09-07 18:25:54.389] [INFO ] [wb] .
[2016-09-07 18:25:54.389] [INFO ] [wb] *****配置信息*****
[2016-09-07 18:25:54.389] [INFO ] [wb] runMode:dev
[2016-09-07 18:25:54.389] [INFO ] [wb] 运行模式:开发模式，显示请求参数，显示执行的SQL
[2016-09-07 18:25:54.390] [INFO ] [wb] 运行端口：8000
[2016-09-07 18:25:54.397] [INFO ] [wb] 访问地址：http://10.0.1.13:8000/
[2016-09-07 18:25:54.398] [INFO ] [wb] 访问地址：http://127.0.0.1:8000/
[2016-09-07 18:25:54.398] [INFO ] [wb] .
[2016-09-07 18:25:54.398] [INFO ] [wb] *****环境信息*****
[2016-09-07 18:25:54.398] [INFO ] [wb] os.name         = Mac OS X
[2016-09-07 18:25:54.398] [INFO ] [wb] os.version      = 10.11.6
[2016-09-07 18:25:54.399] [INFO ] [wb] os.arch         = x86_64
[2016-09-07 18:25:54.399] [INFO ] [wb] file.separator  = /
[2016-09-07 18:25:54.399] [INFO ] [wb] java.version    = 1.8.0_91
[2016-09-07 18:25:54.399] [INFO ] [wb] java.vm.version = 25.91-b14
[2016-09-07 18:25:54.399] [INFO ] [wb] java.home       = /Library/Java/JavaVirtualMachines/jdk1.8.0_91.jdk/Contents/Home/jre
[2016-09-07 18:25:54.399] [INFO ] [wb] java.class.path = /Users/cc/javawoworkspace/sample/WebRoot/WEB-INF/classes:/Users/cc/javawoworkspace/sample/WebRoot/WEB-INF/lib/HikariCP-2.4.6.jar:/Users/cc/javawoworkspace/sample/WebRoot/WEB-INF/lib/antlr4-runtime-4.5.3.jar:/Users/cc/javawoworkspace/sample/WebRoot/WEB-INF/lib/barcode4j-2.1.jar:/Users/cc/javawoworkspace/sample/WebRoot/WEB-INF/lib/beetl-2.5.0.jar:/Users/cc/javawoworkspace/sample/WebRoot/WEB-INF/lib/cas-client-core-3.4.1.jar:/Users/cc/javawoworkspace/sample/WebRoot/WEB-INF/lib/cas-client-support-saml-3.4.1.jar:/Users/cc/javawoworkspace/sample/WebRoot/WEB-INF/lib/casclient.jar:/Users/cc/javawoworkspace/sample/WebRoot/WEB-INF/lib/cglib-nodep-3.2.1.jar:/Users/cc/javawoworkspace/sample/WebRoot/WEB-INF/lib/commons-beanutils-1.9.2.jar:/Users/cc/javawoworkspace/sample/WebRoot/WEB-INF/lib/commons-cli-1.3.1.jar:/Users/cc/javawoworkspace/sample/WebRoot/WEB-INF/lib/commons-codec-1.9.jar:/Users/cc/javawoworkspace/sample/WebRoot/WEB-INF/lib/commons-email-1.4.jar:/Users/cc/javawoworkspace/sample/WebRoot/WEB-INF/lib/commons-lang3-3.4.jar:/Users/cc/javawoworkspace/sample/WebRoot/WEB-INF/lib/commons-logging-1.2.jar:/Users/cc/javawoworkspace/sample/WebRoot/WEB-INF/lib/commons-net-3.4.jar:/Users/cc/javawoworkspace/sample/WebRoot/WEB-INF/lib/commons-pool-1.6.jar:/Users/cc/javawoworkspace/sample/WebRoot/WEB-INF/lib/commons-pool2-2.2.jar:/Users/cc/javawoworkspace/sample/WebRoot/WEB-INF/lib/cos-26Dec2008.jar:/Users/cc/javawoworkspace/sample/WebRoot/WEB-INF/lib/cron4j-2.2.5.jar:/Users/cc/javawoworkspace/sample/WebRoot/WEB-INF/lib/druid-1.0.22.jar:/Users/cc/javawoworkspace/sample/WebRoot/WEB-INF/lib/ehcache-2.10.2.jar:/Users/cc/javawoworkspace/sample/WebRoot/WEB-INF/lib/fastjson-1.2.13.jar:/Users/cc/javawoworkspace/sample/WebRoot/WEB-INF/lib/guava-19.0.jar:/Users/cc/javawoworkspace/sample/WebRoot/WEB-INF/lib/httpclient-4.3.6.jar:/Users/cc/javawoworkspace/sample/WebRoot/WEB-INF/lib/httpcore-4.3.3.jar:/Users/cc/javawoworkspace/sample/WebRoot/WEB-INF/lib/ini4j-0.5.4.jar:/Users/cc/javawoworkspace/sample/WebRoot/WEB-INF/lib/javassist-3.20.0-GA.jar:/Users/cc/javawoworkspace/sample/WebRoot/WEB-INF/lib/javax.servlet-api-3.1.0.jar:/Users/cc/javawoworkspace/sample/WebRoot/WEB-INF/lib/javax.transaction-api-1.2.jar:/Users/cc/javawoworkspace/sample/WebRoot/WEB-INF/lib/javax.websocket-api-1.1.jar:/Users/cc/javawoworkspace/sample/WebRoot/WEB-INF/lib/jcommander-1.35.jar:/Users/cc/javawoworkspace/sample/WebRoot/WEB-INF/lib/jdbf-2.1.0.jar:/Users/cc/javawoworkspace/sample/WebRoot/WEB-INF/lib/jetty-all-9.3.9.v20160517-uber.jar:/Users/cc/javawoworkspace/sample/WebRoot/WEB-INF/lib/jfinal-2.2-java8-v6.jar:/Users/cc/javawoworkspace/sample/WebRoot/WEB-INF/lib/jfinal-scheduler-2.2.0.jar:/Users/cc/javawoworkspace/sample/WebRoot/WEB-INF/lib/jfinal-sqlbuilder-1.0.0-rc2.jar:/Users/cc/javawoworkspace/sample/WebRoot/WEB-INF/lib/jfinal-weixin.jar:/Users/cc/javawoworkspace/sample/WebRoot/WEB-INF/lib/jfinal-zbus-6.3.4.jar:/Users/cc/javawoworkspace/sample/WebRoot/WEB-INF/lib/joda-time-2.9.3.jar:/Users/cc/javawoworkspace/sample/WebRoot/WEB-INF/lib/jpinyin-1.1.3.jar:/Users/cc/javawoworkspace/sample/WebRoot/WEB-INF/lib/jsr305-3.0.1.jar:/Users/cc/javawoworkspace/sample/WebRoot/WEB-INF/lib/ksoap2-android-assembly-3.0.0-RC.4-jar-with-dependencies.jar:/Users/cc/javawoworkspace/sample/WebRoot/WEB-INF/lib/log4j-1.2.17.jar:/Users/cc/javawoworkspace/sample/WebRoot/WEB-INF/lib/lombok-1.16.2.jar:/Users/cc/javawoworkspace/sample/WebRoot/WEB-INF/lib/mail-1.4.7.jar:/Users/cc/javawoworkspace/sample/WebRoot/WEB-INF/lib/mapdb-1.0.9.jar:/Users/cc/javawoworkspace/sample/WebRoot/WEB-INF/lib/mysql-connector-java-5.1.38.jar:/Users/cc/javawoworkspace/sample/WebRoot/WEB-INF/lib/postgresql-9.4.1208.jar:/Users/cc/javawoworkspace/sample/WebRoot/WEB-INF/lib/reflections-0.9.10.jar:/Users/cc/javawoworkspace/sample/WebRoot/WEB-INF/lib/shiro-cas-1.2.6.jar:/Users/cc/javawoworkspace/sample/WebRoot/WEB-INF/lib/shiro-core-1.2.6.jar:/Users/cc/javawoworkspace/sample/WebRoot/WEB-INF/lib/shiro-spring-1.2.5.jar:/Users/cc/javawoworkspace/sample/WebRoot/WEB-INF/lib/shiro-web-1.2.6.jar:/Users/cc/javawoworkspace/sample/WebRoot/WEB-INF/lib/sign-api-1.0.0.jar:/Users/cc/javawoworkspace/sample/WebRoot/WEB-INF/lib/slf4j-api-1.7.19.jar:/Users/cc/javawoworkspace/sample/WebRoot/WEB-INF/lib/slf4j-log4j12-1.7.19.jar:/Users/cc/javawoworkspace/sample/WebRoot/WEB-INF/lib/sqljdbc4.jar:/Users/cc/javawoworkspace/sample/WebRoot/WEB-INF/lib/uuid-3.4.jar:/Users/cc/javawoworkspace/sample/WebRoot/WEB-INF/lib/wb-core-8.7.2-sources.jar:/Users/cc/javawoworkspace/sample/WebRoot/WEB-INF/lib/wb-core-8.7.2.jar:/Users/cc/javawoworkspace/sample/WebRoot/WEB-INF/lib/wb-data-wr-4.8.6.jar:/Users/cc/javawoworkspace/sample/WebRoot/WEB-INF/lib/wb-jxl-2.6.12.jar:/Users/cc/javawoworkspace/sample/WebRoot/WEB-INF/lib/wb-web-9.11.3.jar:/Users/cc/javawoworkspace/sample/WebRoot/WEB-INF/lib/xmlbeans-2.6.0.jar:/Users/cc/javawoworkspace/sample/WebRoot/WEB-INF/lib/zbus-6.3.4.jar:/Users/cc/javawoworkspace/sample/WebRoot/WEB-INF/lib/zxing-core-3.2.1.jar
[2016-09-07 18:25:54.400] [INFO ] [wb] user.name = cc
[2016-09-07 18:25:54.400] [INFO ] [wb] 处理器个数　　= 4
[2016-09-07 18:25:54.400] [INFO ] [wb] 最大可分配内存 = 1820M
[2016-09-07 18:25:54.400] [INFO ] [wb] .
[2016-09-07 18:25:54.401] [INFO ] [wb] 开始加载插件并启动JFinal
[2016-09-07 18:25:54.401] [INFO ] [wb] 每隔8秒，系统自动扫描变更，若变更则自动重启应用。
[2016-09-07 18:25:54.461] [INFO ] [org.eclipse.jetty.util.log] Logging initialized @333ms
[2016-09-07 18:25:54.680] [INFO ] [org.eclipse.jetty.server.Server] jetty-9.3.z-SNAPSHOT
[2016-09-07 18:25:54.924] [INFO ] [org.eclipse.jetty.webapp.StandardDescriptorProcessor] NO JSP Support for /, did not find org.eclipse.jetty.jsp.JettyJspServlet
[2016-09-07 18:25:54.992] [INFO ] [/] Initializing Shiro environment
[2016-09-07 18:25:54.993] [INFO ] [org.apache.shiro.web.env.EnvironmentLoader] Starting Shiro environment initialization.
[2016-09-07 18:25:55.618] [INFO ] [org.apache.shiro.config.IniSecurityManagerFactory] Realms have been explicitly set on the SecurityManager instance - auto-setting of realms will not occur.
[2016-09-07 18:25:55.619] [INFO ] [org.apache.shiro.web.env.EnvironmentLoader] Shiro environment initialized in 624 ms.
[2016-09-07 18:25:55.620] [WARN ] [org.eclipse.jetty.util.DeprecationWarning] Using @Deprecated Class org.eclipse.jetty.servlets.GzipFilter
[2016-09-07 18:25:55.621] [WARN ] [org.eclipse.jetty.servlets.GzipFilter] GzipFilter is deprecated. Use GzipHandler
[2016-09-07 18:25:55.637] [INFO ] [wb] scanPackage=com.wellbole,cn.edu.xjtu
[2016-09-07 18:25:55.850] [INFO ] [org.reflections.Reflections] Reflections took 152 ms to scan 6 urls, producing 115 keys and 466 values [using 4 cores]
[2016-09-07 18:25:55.945] [INFO ] [wb] routes.add("/srTopic",SrTopicController.class);
[2016-09-07 18:25:55.945] [INFO ] [wb] routes.add("/uRAuthor",URAuthorController.class);
[2016-09-07 18:25:55.945] [INFO ] [wb] routes.add("/sys/urlRewriter",UrlRewriterController.class);
[2016-09-07 18:25:55.945] [INFO ] [wb] routes.add("/sys/user",UserController.class);
[2016-09-07 18:25:55.946] [INFO ] [wb] routes.add("/uRLiterature",URLiteratureController.class);
[2016-09-07 18:25:55.946] [INFO ] [wb] routes.add("/account",LoginController.class);
[2016-09-07 18:25:55.946] [INFO ] [wb] routes.add("/sys/test",TestController.class);
[2016-09-07 18:25:55.946] [INFO ] [wb] routes.add("/srTopicsResult",SrTopicsResultController.class);
[2016-09-07 18:25:55.947] [INFO ] [wb] routes.add("/uRWrittenBy",URWrittenByController.class);
[2016-09-07 18:25:55.947] [INFO ] [wb] routes.add("/patentRepo",PatentRepoController.class);
[2016-09-07 18:25:55.947] [INFO ] [wb] routes.add("/srPostTopic",SrPostTopicController.class);
[2016-09-07 18:25:55.948] [INFO ] [wb] routes.add("/confRepo",ConfRepoController.class);
[2016-09-07 18:25:55.948] [INFO ] [wb] routes.add("/uRConference",URConferenceController.class);
[2016-09-07 18:25:55.949] [INFO ] [wb] routes.add("/uRUniversity",URUniversityController.class);
[2016-09-07 18:25:55.949] [INFO ] [wb] routes.add("/kit",KitController.class);
[2016-09-07 18:25:55.950] [INFO ] [wb] routes.add("/sys/org",OrgController.class);
[2016-09-07 18:25:55.950] [INFO ] [wb] routes.add("/srPost",SrPostController.class);
[2016-09-07 18:25:55.950] [INFO ] [wb] routes.add("/sys/webix",WebixController.class);
[2016-09-07 18:25:55.951] [INFO ] [wb] routes.add("/sys/setting",SettingController.class);
[2016-09-07 18:25:55.952] [INFO ] [wb] routes.add("/uRAffiliatedWith",URAffiliatedWithController.class);
[2016-09-07 18:25:55.953] [INFO ] [wb] routes.add("/srNewsResult",SrNewsResultController.class);
[2016-09-07 18:25:55.953] [INFO ] [wb] routes.add("/dissertationRepo",DissertationRepoController.class);
[2016-09-07 18:25:55.953] [INFO ] [wb] routes.add("/sys/error",ErrorController.class);
[2016-09-07 18:25:55.954] [INFO ] [wb] routes.add("/sys/tag",TagController.class);
[2016-09-07 18:25:55.954] [INFO ] [wb] routes.add("/oaRepo",OaRepoController.class);
[2016-09-07 18:25:55.954] [INFO ] [wb] routes.add("/sys/dict",DictController.class);
[2016-09-07 18:25:55.955] [INFO ] [wb] routes.add("/ebookRepo",EbookRepoController.class);
[2016-09-07 18:25:55.955] [INFO ] [wb] routes.add("/sys/role",RoleController.class);
[2016-09-07 18:25:55.955] [INFO ] [wb] routes.add("/crawlerRepo",CrawlerRepoController.class);
[2016-09-07 18:25:55.955] [INFO ] [wb] routes.add("/sys/file",WbFileController.class);
[2016-09-07 18:25:55.957] [INFO ] [wb] routes.add("/sys/dicttype",DictTypeController.class);
[2016-09-07 18:25:55.958] [INFO ] [wb] routes.add("/sys/message",MessageController.class);
[2016-09-07 18:25:55.958] [INFO ] [wb] routes.add("/sys/resource",ResourceController.class);
[2016-09-07 18:25:55.958] [INFO ] [wb] routes.add("/sys/optlog",OptlogController.class);
[2016-09-07 18:25:55.959] [INFO ] [wb] routes.add("/index",IndexController.class);
[2016-09-07 18:25:55.959] [INFO ] [wb] routes.add("/sys/version",VersionController.class);
[2016-09-07 18:25:55.985] [INFO ] [wb] 添加EhCachePlugin插件
[2016-09-07 18:25:55.988] [INFO ] [wb] os.namemac os x
[2016-09-07 18:25:55.988] [INFO ] [wb] os.archx86_64
[2016-09-07 18:25:56.056] [INFO ] [wb] 添加HikaricpPlugin插件(config=sample[main])
[2016-09-07 18:25:56.062] [INFO ] [wb] 添加ActiveRecordPlugin插件(config=sample[main])
[2016-09-07 18:25:56.091] [INFO ] [wb] arp.addMapping("dissertation_repo",DissertationRepo.class);[config=main]
[2016-09-07 18:25:56.092] [INFO ] [wb] arp.addMapping("u_r_written_by",URWrittenBy.class);[config=main]
[2016-09-07 18:25:56.092] [INFO ] [wb] arp.addMapping("u_r_literature",URLiterature.class);[config=main]
[2016-09-07 18:25:56.092] [INFO ] [wb] arp.addMapping("sys_message",Message.class);[config=main]
[2016-09-07 18:25:56.092] [INFO ] [wb] arp.addMapping("oa_repo",OaRepo.class);[config=main]
[2016-09-07 18:25:56.093] [INFO ] [wb] arp.addMapping("sys_tag_obj",TagObj.class);[config=main]
[2016-09-07 18:25:56.093] [INFO ] [wb] arp.addMapping("patent_repo",PatentRepo.class);[config=main]
[2016-09-07 18:25:56.093] [INFO ] [wb] arp.addMapping("sys_user_role",UserRole.class);[config=main]
[2016-09-07 18:25:56.093] [INFO ] [wb] arp.addMapping("sys_role",Role.class);[config=main]
[2016-09-07 18:25:56.094] [INFO ] [wb] arp.addMapping("sr_news_result",SrNewsResult.class);[config=main]
[2016-09-07 18:25:56.094] [INFO ] [wb] arp.addMapping("sys_file",WbFile.class);[config=main]
[2016-09-07 18:25:56.094] [INFO ] [wb] arp.addMapping("sr_topics_result",SrTopicsResult.class);[config=main]
[2016-09-07 18:25:56.094] [INFO ] [wb] arp.addMapping("sys_tag",Tag.class);[config=main]
[2016-09-07 18:25:56.094] [INFO ] [wb] arp.addMapping("u_r_university",URUniversity.class);[config=main]
[2016-09-07 18:25:56.094] [INFO ] [wb] arp.addMapping("sys_org",Org.class);[config=main]
[2016-09-07 18:25:56.095] [INFO ] [wb] arp.addMapping("conf_repo",ConfRepo.class);[config=main]
[2016-09-07 18:25:56.095] [INFO ] [wb] arp.addMapping("u_r_conference",URConference.class);[config=main]
[2016-09-07 18:25:56.096] [INFO ] [wb] arp.addMapping("sys_resource",Resource.class);[config=main]
[2016-09-07 18:25:56.096] [INFO ] [wb] arp.addMapping("sys_dict",Dict.class);[config=main]
[2016-09-07 18:25:56.096] [INFO ] [wb] arp.addMapping("sys_role_resource",RoleResource.class);[config=main]
[2016-09-07 18:25:56.096] [INFO ] [wb] arp.addMapping("sys_version",Version.class);[config=main]
[2016-09-07 18:25:56.096] [INFO ] [wb] arp.addMapping("sys_setting",Setting.class);[config=main]
[2016-09-07 18:25:56.096] [INFO ] [wb] arp.addMapping("u_r_author",URAuthor.class);[config=main]
[2016-09-07 18:25:56.097] [INFO ] [wb] arp.addMapping("u_r_affiliated_with",URAffiliatedWith.class);[config=main]
[2016-09-07 18:25:56.097] [INFO ] [wb] arp.addMapping("sys_role_welcome",RoleWelcome.class);[config=main]
[2016-09-07 18:25:56.097] [INFO ] [wb] arp.addMapping("sys_user",User.class);[config=main]
[2016-09-07 18:25:56.097] [INFO ] [wb] arp.addMapping("sr_post_topic",SrPostTopic.class);[config=main]
[2016-09-07 18:25:56.097] [INFO ] [wb] arp.addMapping("crawler_repo",CrawlerRepo.class);[config=main]
[2016-09-07 18:25:56.098] [INFO ] [wb] arp.addMapping("ebook_repo",EbookRepo.class);[config=main]
[2016-09-07 18:25:56.098] [INFO ] [wb] arp.addMapping("sys_dict_type",DictType.class);[config=main]
[2016-09-07 18:25:56.098] [INFO ] [wb] arp.addMapping("sr_topic",SrTopic.class);[config=main]
[2016-09-07 18:25:56.098] [INFO ] [wb] arp.addMapping("sys_optlog",Optlog.class);[config=main]
[2016-09-07 18:25:56.098] [INFO ] [wb] arp.addMapping("sr_post",SrPost.class);[config=main]
[2016-09-07 18:25:56.102] [INFO ] [wb] 添加ShiroPlugin插件
[2016-09-07 18:25:56.139] [INFO ] [org.zbus.mq.server.MqAdaptor] Loading DiskQueues...
[2016-09-07 18:25:56.148] [INFO ] [ZbusPlugin] 创建broker成功(brokerAddress=jvm)
[2016-09-07 18:25:56.231] [INFO ] [org.reflections.Reflections] Reflections took 79 ms to scan 7 urls, producing 121 keys and 494 values [using 4 cores]
[2016-09-07 18:25:56.246] [INFO ] [ZbusPlugin] 通过注解自动加载Event(Topic)消息处理器( mq=_mq_event_,topic=com.wellbole.web.sys.org.OrgEvent,handler=com.wellbole.web.sys.user.OrgEventListener )
[2016-09-07 18:25:56.248] [INFO ] [ZbusPlugin] 通过注解自动加载Event(Topic)消息处理器( mq=_mq_event_,topic=com.wellbole.web.sys.setting.SettingEvent,handler=com.wellbole.web.sys.org.SettingEventListener )
[2016-09-07 18:25:56.248] [INFO ] [wb] 添加zbus插件
[2016-09-07 18:25:56.575] [INFO ] [com.zaxxer.hikari.HikariDataSource] sample[main] - Started.
[2016-09-07 18:25:57.021] [INFO ] [ZbusPlugin] 创建Topic消费者成功 (mq=_mq_event_,topic=com.wellbole.web.sys.setting.SettingEvent)
[2016-09-07 18:25:57.021] [INFO ] [ZbusPlugin] 创建Topic消费者成功 (mq=_mq_event_,topic=com.wellbole.web.sys.org.OrgEvent)
[2016-09-07 18:25:57.031] [INFO ] [org.zbus.mq.server.MqAdaptor] MQ Created: org.zbus.mq.server.PubSub@63277e42
[2016-09-07 18:25:57.074] [INFO ] [org.reflections.Reflections] Reflections took 45 ms to scan 7 urls, producing 115 keys and 476 values [using 4 cores]
[2016-09-07 18:25:57.083] [INFO ] [wb] 添加ShiroInterceptor拦截器
[2016-09-07 18:25:57.084] [INFO ] [wb] 添加上下文自动设定处理器，参数值为：base
[2016-09-07 18:25:57.086] [INFO ] [wb] 添加后缀名转换处理器，参数值为：.do
[2016-09-07 18:25:57.141] [INFO ] [org.eclipse.jetty.server.handler.ContextHandler] Started o.e.j.w.WebAppContext@f27ea3{/,file:///Users/cc/javawoworkspace/sample/WebRoot/,AVAILABLE}
[2016-09-07 18:25:57.173] [INFO ] [org.eclipse.jetty.server.AbstractConnector] Started ServerConnector@31e3250d{HTTP/1.1,[http/1.1]}{0.0.0.0:8000}
[2016-09-07 18:25:57.173] [INFO ] [org.eclipse.jetty.server.Server] Started @3054ms
[2016-09-07 18:26:12.436] [INFO ] [com.wellbole.web.core.onlinecounter.OnlineCounterListener] 有用户登录，在线人数加1
[2016-09-07 18:26:16.904] [INFO ] [com.wellbole.web.core.onlinecounter.OnlineCounterListener] 有用户登录，在线人数加1
[2016-09-07 18:26:16.908] [INFO ] [com.wellbole.web.core.onlinecounter.OnlineCounterListener] 有用户登录，在线人数加1
[2016-09-07 18:26:16.929] [INFO ] [com.wellbole.web.core.onlinecounter.OnlineCounterListener] 有用户登录，在线人数加1
[2016-09-07 18:26:16.935] [INFO ] [com.wellbole.web.core.onlinecounter.OnlineCounterListener] 有用户登录，在线人数加1
[2016-09-07 18:26:22.577] [INFO ] [wb] os.namemac os x
[2016-09-07 18:26:22.577] [INFO ] [wb] os.archx86_64
[2016-09-07 18:26:22.873] [INFO ] [com.wellbole.web.sys.login.LoginController] 用户:admin 登录系统,登录IP：0:0:0:0:0:0:0:1
[2016-09-07 18:26:25.258] [INFO ] [cn.edu.xjtu.ikcest.dissertationrepo.DissertationRepoController] keyword=null
[2016-09-07 18:26:25.356] [INFO ] [cn.edu.xjtu.ikcest.dissertationrepo.DissertationRepoController] keyword=null
[2016-09-07 18:26:26.917] [INFO ] [cn.edu.xjtu.ikcest.confrepo.ConfRepoController] keyword=null
[2016-09-07 18:26:27.028] [INFO ] [cn.edu.xjtu.ikcest.confrepo.ConfRepoController] keyword=null
[2016-09-07 18:26:47.354] [INFO ] [cn.edu.xjtu.ikcest.ebookrepo.EbookRepoController] keyword=null
[2016-09-07 18:26:47.423] [INFO ] [cn.edu.xjtu.ikcest.ebookrepo.EbookRepoController] keyword=null
[2016-09-07 18:26:56.756] [INFO ] [cn.edu.xjtu.ikcest.patentrepo.PatentRepoController] keyword=null
[2016-09-07 18:26:56.862] [INFO ] [cn.edu.xjtu.ikcest.patentrepo.PatentRepoController] keyword=null
[2016-09-07 18:27:24.546] [INFO ] [cn.edu.xjtu.ikcest.ebookrepo.EbookRepoController] keyword=null
[2016-09-07 18:27:24.641] [INFO ] [cn.edu.xjtu.ikcest.ebookrepo.EbookRepoController] keyword=null
[2016-09-07 18:27:55.786] [INFO ] [cn.edu.xjtu.ikcest.patentrepo.PatentRepoController] keyword=null
[2016-09-07 18:27:55.885] [INFO ] [cn.edu.xjtu.ikcest.patentrepo.PatentRepoController] keyword=null
[2016-09-07 18:27:57.805] [INFO ] [cn.edu.xjtu.ikcest.ebookrepo.EbookRepoController] keyword=null
[2016-09-07 18:27:57.883] [INFO ] [cn.edu.xjtu.ikcest.ebookrepo.EbookRepoController] keyword=null
[2016-09-07 18:28:16.129] [INFO ] [cn.edu.xjtu.ikcest.patentrepo.PatentRepoController] keyword=null
[2016-09-07 18:28:16.212] [INFO ] [cn.edu.xjtu.ikcest.patentrepo.PatentRepoController] keyword=null
[2016-09-07 18:28:36.581] [INFO ] [cn.edu.xjtu.ikcest.patentrepo.PatentRepoController] keyword=null
[2016-09-07 18:28:36.644] [INFO ] [cn.edu.xjtu.ikcest.patentrepo.PatentRepoController] keyword=null
[2016-09-07 18:29:16.167] [INFO ] [cn.edu.xjtu.ikcest.ebookrepo.EbookRepoController] keyword=null
[2016-09-07 18:29:16.231] [INFO ] [cn.edu.xjtu.ikcest.ebookrepo.EbookRepoController] keyword=null
[2016-09-07 18:29:19.967] [INFO ] [cn.edu.xjtu.ikcest.dissertationrepo.DissertationRepoController] keyword=null
[2016-09-07 18:29:20.048] [INFO ] [cn.edu.xjtu.ikcest.dissertationrepo.DissertationRepoController] keyword=null
[2016-09-07 18:29:24.506] [INFO ] [cn.edu.xjtu.ikcest.confrepo.ConfRepoController] keyword=null
[2016-09-07 18:29:24.604] [INFO ] [cn.edu.xjtu.ikcest.confrepo.ConfRepoController] keyword=null
[2016-09-07 18:29:30.968] [INFO ] [cn.edu.xjtu.ikcest.urliterature.URLiteratureController] keyword=null
[2016-09-07 18:29:32.460] [INFO ] [cn.edu.xjtu.ikcest.uraffiliatedwith.URAffiliatedWithController] keyword=null
[2016-09-07 18:29:33.312] [INFO ] [cn.edu.xjtu.ikcest.urconference.URConferenceController] keyword=null
[2016-09-07 18:29:33.653] [INFO ] [cn.edu.xjtu.ikcest.urauthor.URAuthorController] keyword=null
[2016-09-07 18:29:35.636] [INFO ] [cn.edu.xjtu.ikcest.dissertationrepo.DissertationRepoController] keyword=null
[2016-09-07 18:29:35.710] [INFO ] [cn.edu.xjtu.ikcest.dissertationrepo.DissertationRepoController] keyword=null
[2016-09-07 18:29:36.394] [INFO ] [cn.edu.xjtu.ikcest.ebookrepo.EbookRepoController] keyword=null
[2016-09-07 18:29:36.450] [INFO ] [cn.edu.xjtu.ikcest.ebookrepo.EbookRepoController] keyword=null
[2016-09-07 18:38:55.098] [WARN ] [com.zaxxer.hikari.pool.HikariPool] 3m58s28ms - Thread starvation or clock leap detected (housekeeper delta=sample[main]).
[2016-09-07 18:42:18.964] [WARN ] [com.zaxxer.hikari.pool.HikariPool] 23s830ms - Retrograde clock change detected (housekeeper delta=sample[main]), soft-evicting connections from pool.
[2016-09-07 18:56:36.299] [INFO ] [com.wellbole.web.core.onlinecounter.OnlineCounterListener] 有用户登出或者超时，在线人数减1
[2016-09-07 18:56:36.300] [INFO ] [com.wellbole.web.core.onlinecounter.OnlineCounterListener] 有用户登出或者超时，在线人数减1
[2016-09-07 18:56:36.300] [INFO ] [com.wellbole.web.core.onlinecounter.OnlineCounterListener] 有用户登出或者超时，在线人数减1
[2016-09-07 18:56:36.300] [INFO ] [com.wellbole.web.core.onlinecounter.OnlineCounterListener] 有用户登出或者超时，在线人数减1
[2016-09-07 18:56:38.312] [WARN ] [com.zaxxer.hikari.pool.HikariPool] 3m19s246ms - Thread starvation or clock leap detected (housekeeper delta=sample[main]).
[2016-09-07 18:57:28.429] [WARN ] [com.zaxxer.hikari.pool.HikariPool] 50s117ms - Thread starvation or clock leap detected (housekeeper delta=sample[main]).
[2016-09-07 19:03:28.254] [WARN ] [com.zaxxer.hikari.pool.HikariPool] 5m59s825ms - Thread starvation or clock leap detected (housekeeper delta=sample[main]).
[2016-09-07 19:31:09.968] [WARN ] [com.zaxxer.hikari.pool.HikariPool] 5m59s569ms - Thread starvation or clock leap detected (housekeeper delta=sample[main]).
[2016-09-07 21:32:26.920] [INFO ] [com.wellbole.web.core.onlinecounter.OnlineCounterListener] 有用户登出或者超时，在线人数减1
