[2016-07-22 10:56:07.518] [INFO ] [wb] .
[2016-07-22 10:56:07.520] [INFO ] [wb] 作者：李飞（仨多他爹）
[2016-07-22 10:56:07.520] [INFO ] [wb] .
[2016-07-22 10:56:07.520] [INFO ] [wb] *****产品信息*****
[2016-07-22 10:56:07.521] [INFO ] [wb] JFinal版本:2.2-java8-v6
[2016-07-22 10:56:07.521] [INFO ] [wb] JFinal发布日期:2016-07-10
[2016-07-22 10:56:07.521] [INFO ] [wb] JFinal改进功能:Shiro增加自定义后缀
[2016-07-22 10:56:07.521] [INFO ] [wb] Core框架版本:8.7.0
[2016-07-22 10:56:07.521] [INFO ] [wb] Core框架发布日期:2016-07-13
[2016-07-22 10:56:07.521] [INFO ] [wb] Core框架改进功能:主键支持Long，Integer和String三种
[2016-07-22 10:56:07.521] [INFO ] [wb] Web框架版本:9.11.0
[2016-07-22 10:56:07.521] [INFO ] [wb] Web框架发布日期:2016-07-13
[2016-07-22 10:56:07.522] [INFO ] [wb] Web框架改进功能:主键支持Long，Integer和String三种
[2016-07-22 10:56:07.522] [INFO ] [wb] App应用版本:2.0
[2016-07-22 10:56:07.522] [INFO ] [wb] App应用发布日期:2015-09-05
[2016-07-22 10:56:07.522] [INFO ] [wb] App应用改进功能:核心框架更新
[2016-07-22 10:56:07.522] [INFO ] [wb] .
[2016-07-22 10:56:07.522] [INFO ] [wb] *****配置信息*****
[2016-07-22 10:56:07.522] [INFO ] [wb] runMode:dev
[2016-07-22 10:56:07.523] [INFO ] [wb] 运行模式:开发模式，显示请求参数，显示执行的SQL
[2016-07-22 10:56:07.523] [INFO ] [wb] 运行端口：8000
[2016-07-22 10:56:07.534] [INFO ] [wb] 访问地址：http://10.0.1.35:8000/
[2016-07-22 10:56:07.534] [INFO ] [wb] 访问地址：http://127.0.0.1:8000/
[2016-07-22 10:56:07.534] [INFO ] [wb] .
[2016-07-22 10:56:07.535] [INFO ] [wb] *****环境信息*****
[2016-07-22 10:56:07.535] [INFO ] [wb] os.name         = Mac OS X
[2016-07-22 10:56:07.535] [INFO ] [wb] os.version      = 10.11.6
[2016-07-22 10:56:07.535] [INFO ] [wb] os.arch         = x86_64
[2016-07-22 10:56:07.535] [INFO ] [wb] file.separator  = /
[2016-07-22 10:56:07.535] [INFO ] [wb] java.version    = 1.8.0_91
[2016-07-22 10:56:07.535] [INFO ] [wb] java.vm.version = 25.91-b14
[2016-07-22 10:56:07.536] [INFO ] [wb] java.home       = /Library/Java/JavaVirtualMachines/jdk1.8.0_91.jdk/Contents/Home/jre
[2016-07-22 10:56:07.536] [INFO ] [wb] java.class.path = /Users/cc/javawoworkspace/sample/WebRoot/WEB-INF/classes:/Users/cc/javawoworkspace/sample/WebRoot/WEB-INF/lib/HikariCP-2.4.6.jar:/Users/cc/javawoworkspace/sample/WebRoot/WEB-INF/lib/antlr4-runtime-4.5.3.jar:/Users/cc/javawoworkspace/sample/WebRoot/WEB-INF/lib/barcode4j-2.1.jar:/Users/cc/javawoworkspace/sample/WebRoot/WEB-INF/lib/beetl-2.5.0.jar:/Users/cc/javawoworkspace/sample/WebRoot/WEB-INF/lib/casclient.jar:/Users/cc/javawoworkspace/sample/WebRoot/WEB-INF/lib/cglib-nodep-3.2.1.jar:/Users/cc/javawoworkspace/sample/WebRoot/WEB-INF/lib/commons-beanutils-1.9.2.jar:/Users/cc/javawoworkspace/sample/WebRoot/WEB-INF/lib/commons-cli-1.3.1.jar:/Users/cc/javawoworkspace/sample/WebRoot/WEB-INF/lib/commons-codec-1.9.jar:/Users/cc/javawoworkspace/sample/WebRoot/WEB-INF/lib/commons-email-1.4.jar:/Users/cc/javawoworkspace/sample/WebRoot/WEB-INF/lib/commons-lang3-3.4.jar:/Users/cc/javawoworkspace/sample/WebRoot/WEB-INF/lib/commons-logging-1.2.jar:/Users/cc/javawoworkspace/sample/WebRoot/WEB-INF/lib/commons-net-3.4.jar:/Users/cc/javawoworkspace/sample/WebRoot/WEB-INF/lib/commons-pool-1.6.jar:/Users/cc/javawoworkspace/sample/WebRoot/WEB-INF/lib/commons-pool2-2.2.jar:/Users/cc/javawoworkspace/sample/WebRoot/WEB-INF/lib/cos-26Dec2008.jar:/Users/cc/javawoworkspace/sample/WebRoot/WEB-INF/lib/cron4j-2.2.5.jar:/Users/cc/javawoworkspace/sample/WebRoot/WEB-INF/lib/druid-1.0.22.jar:/Users/cc/javawoworkspace/sample/WebRoot/WEB-INF/lib/ehcache-2.10.2.jar:/Users/cc/javawoworkspace/sample/WebRoot/WEB-INF/lib/fastjson-1.2.13.jar:/Users/cc/javawoworkspace/sample/WebRoot/WEB-INF/lib/guava-19.0.jar:/Users/cc/javawoworkspace/sample/WebRoot/WEB-INF/lib/httpclient-4.3.6.jar:/Users/cc/javawoworkspace/sample/WebRoot/WEB-INF/lib/httpcore-4.3.3.jar:/Users/cc/javawoworkspace/sample/WebRoot/WEB-INF/lib/ini4j-0.5.4.jar:/Users/cc/javawoworkspace/sample/WebRoot/WEB-INF/lib/javassist-3.20.0-GA.jar:/Users/cc/javawoworkspace/sample/WebRoot/WEB-INF/lib/javax.servlet-api-3.1.0.jar:/Users/cc/javawoworkspace/sample/WebRoot/WEB-INF/lib/javax.transaction-api-1.2.jar:/Users/cc/javawoworkspace/sample/WebRoot/WEB-INF/lib/javax.websocket-api-1.1.jar:/Users/cc/javawoworkspace/sample/WebRoot/WEB-INF/lib/jcommander-1.35.jar:/Users/cc/javawoworkspace/sample/WebRoot/WEB-INF/lib/jdbf-2.1.0.jar:/Users/cc/javawoworkspace/sample/WebRoot/WEB-INF/lib/jetty-all-9.3.9.v20160517-uber.jar:/Users/cc/javawoworkspace/sample/WebRoot/WEB-INF/lib/jfinal-2.2-java8-v6.jar:/Users/cc/javawoworkspace/sample/WebRoot/WEB-INF/lib/jfinal-scheduler-2.2.0.jar:/Users/cc/javawoworkspace/sample/WebRoot/WEB-INF/lib/jfinal-sqlbuilder-1.0.0-rc2.jar:/Users/cc/javawoworkspace/sample/WebRoot/WEB-INF/lib/jfinal-weixin.jar:/Users/cc/javawoworkspace/sample/WebRoot/WEB-INF/lib/jfinal-zbus-6.3.3.jar:/Users/cc/javawoworkspace/sample/WebRoot/WEB-INF/lib/joda-time-2.9.3.jar:/Users/cc/javawoworkspace/sample/WebRoot/WEB-INF/lib/jpinyin-1.1.3.jar:/Users/cc/javawoworkspace/sample/WebRoot/WEB-INF/lib/jsr305-3.0.1.jar:/Users/cc/javawoworkspace/sample/WebRoot/WEB-INF/lib/ksoap2-android-assembly-3.0.0-RC.4-jar-with-dependencies.jar:/Users/cc/javawoworkspace/sample/WebRoot/WEB-INF/lib/log4j-1.2.17.jar:/Users/cc/javawoworkspace/sample/WebRoot/WEB-INF/lib/lombok-1.16.2.jar:/Users/cc/javawoworkspace/sample/WebRoot/WEB-INF/lib/mail-1.4.7.jar:/Users/cc/javawoworkspace/sample/WebRoot/WEB-INF/lib/mapdb-1.0.9.jar:/Users/cc/javawoworkspace/sample/WebRoot/WEB-INF/lib/mysql-connector-java-5.1.38.jar:/Users/cc/javawoworkspace/sample/WebRoot/WEB-INF/lib/postgresql-9.4.1208.jar:/Users/cc/javawoworkspace/sample/WebRoot/WEB-INF/lib/reflections-0.9.10.jar:/Users/cc/javawoworkspace/sample/WebRoot/WEB-INF/lib/shiro-core-1.2.5.jar:/Users/cc/javawoworkspace/sample/WebRoot/WEB-INF/lib/shiro-spring-1.2.5.jar:/Users/cc/javawoworkspace/sample/WebRoot/WEB-INF/lib/shiro-web-1.2.5.jar:/Users/cc/javawoworkspace/sample/WebRoot/WEB-INF/lib/sign-api-1.0.0.jar:/Users/cc/javawoworkspace/sample/WebRoot/WEB-INF/lib/slf4j-api-1.7.19.jar:/Users/cc/javawoworkspace/sample/WebRoot/WEB-INF/lib/slf4j-log4j12-1.7.19.jar:/Users/cc/javawoworkspace/sample/WebRoot/WEB-INF/lib/sqljdbc4.jar:/Users/cc/javawoworkspace/sample/WebRoot/WEB-INF/lib/uuid-3.4.jar:/Users/cc/javawoworkspace/sample/WebRoot/WEB-INF/lib/wb-core-8.7.0.jar:/Users/cc/javawoworkspace/sample/WebRoot/WEB-INF/lib/wb-data-wr-4.8.6.jar:/Users/cc/javawoworkspace/sample/WebRoot/WEB-INF/lib/wb-jxl-2.6.12.jar:/Users/cc/javawoworkspace/sample/WebRoot/WEB-INF/lib/wb-web-9.11.0.jar:/Users/cc/javawoworkspace/sample/WebRoot/WEB-INF/lib/xmlbeans-2.6.0.jar:/Users/cc/javawoworkspace/sample/WebRoot/WEB-INF/lib/zbus-6.3.2.jar:/Users/cc/javawoworkspace/sample/WebRoot/WEB-INF/lib/zxing-core-3.2.1.jar
[2016-07-22 10:56:07.536] [INFO ] [wb] user.name = cc
[2016-07-22 10:56:07.537] [INFO ] [wb] 处理器个数　　= 4
[2016-07-22 10:56:07.537] [INFO ] [wb] 最大可分配内存 = 1820M
[2016-07-22 10:56:07.537] [INFO ] [wb] .
[2016-07-22 10:56:07.537] [INFO ] [wb] 开始加载插件并启动JFinal
[2016-07-22 10:56:07.538] [INFO ] [wb] 每隔8秒，系统自动扫描变更，若变更则自动重启应用。
[2016-07-22 10:56:07.615] [INFO ] [org.eclipse.jetty.util.log] Logging initialized @611ms
[2016-07-22 10:56:07.881] [INFO ] [org.eclipse.jetty.server.Server] jetty-9.3.z-SNAPSHOT
[2016-07-22 10:56:08.178] [INFO ] [org.eclipse.jetty.webapp.StandardDescriptorProcessor] NO JSP Support for /, did not find org.eclipse.jetty.jsp.JettyJspServlet
[2016-07-22 10:56:08.249] [INFO ] [/] Initializing Shiro environment
[2016-07-22 10:56:08.249] [INFO ] [org.apache.shiro.web.env.EnvironmentLoader] Starting Shiro environment initialization.
[2016-07-22 10:56:08.975] [INFO ] [org.apache.shiro.config.IniSecurityManagerFactory] Realms have been explicitly set on the SecurityManager instance - auto-setting of realms will not occur.
[2016-07-22 10:56:08.978] [INFO ] [org.apache.shiro.web.env.EnvironmentLoader] Shiro environment initialized in 726 ms.
[2016-07-22 10:56:08.979] [WARN ] [org.eclipse.jetty.util.DeprecationWarning] Using @Deprecated Class org.eclipse.jetty.servlets.GzipFilter
[2016-07-22 10:56:08.980] [WARN ] [org.eclipse.jetty.servlets.GzipFilter] GzipFilter is deprecated. Use GzipHandler
[2016-07-22 10:56:08.997] [INFO ] [wb] scanPackage=com.wellbole,cn.edu.xjtu
[2016-07-22 10:56:09.182] [INFO ] [org.reflections.Reflections] Reflections took 123 ms to scan 5 urls, producing 105 keys and 346 values [using 4 cores]
[2016-07-22 10:56:09.307] [INFO ] [wb] routes.add("/account",LoginController.class);
[2016-07-22 10:56:09.311] [INFO ] [wb] routes.add("/sys/optlog",OptlogController.class);
[2016-07-22 10:56:09.311] [INFO ] [wb] routes.add("/sys/webix",WebixController.class);
[2016-07-22 10:56:09.312] [INFO ] [wb] routes.add("/sys/dict",DictController.class);
[2016-07-22 10:56:09.313] [INFO ] [wb] routes.add("/sys/dicttype",DictTypeController.class);
[2016-07-22 10:56:09.314] [INFO ] [wb] routes.add("/sys/role",RoleController.class);
[2016-07-22 10:56:09.314] [INFO ] [wb] routes.add("/sys/file",WbFileController.class);
[2016-07-22 10:56:09.314] [INFO ] [wb] routes.add("/app/blog",BlogController.class);
[2016-07-22 10:56:09.315] [INFO ] [wb] routes.add("/sys/version",VersionController.class);
[2016-07-22 10:56:09.315] [INFO ] [wb] routes.add("/sys/test",TestController.class);
[2016-07-22 10:56:09.315] [INFO ] [wb] routes.add("/sys/resource",ResourceController.class);
[2016-07-22 10:56:09.315] [INFO ] [wb] routes.add("/sys/setting",SettingController.class);
[2016-07-22 10:56:09.316] [INFO ] [wb] routes.add("/sys/org",OrgController.class);
[2016-07-22 10:56:09.316] [INFO ] [wb] routes.add("/sys/error",ErrorController.class);
[2016-07-22 10:56:09.317] [INFO ] [wb] routes.add("/sys/user",UserController.class);
[2016-07-22 10:56:09.317] [INFO ] [wb] routes.add("/app/music",MusicController.class);
[2016-07-22 10:56:09.318] [INFO ] [wb] routes.add("/kit",KitController.class);
[2016-07-22 10:56:09.318] [INFO ] [wb] routes.add("/app/school",SchoolController.class);
[2016-07-22 10:56:09.318] [INFO ] [wb] routes.add("/sys/message",MessageController.class);
[2016-07-22 10:56:09.319] [INFO ] [wb] routes.add("/sys/urlRewriter",UrlRewriterController.class);
[2016-07-22 10:56:09.319] [INFO ] [wb] routes.add("/sys/tag",TagController.class);
[2016-07-22 10:56:09.320] [INFO ] [wb] routes.add("/index",IndexController.class);
[2016-07-22 10:56:09.344] [INFO ] [wb] 添加EhCachePlugin插件
[2016-07-22 10:56:09.346] [INFO ] [wb] os.namemac os x
[2016-07-22 10:56:09.346] [INFO ] [wb] os.archx86_64
[2016-07-22 10:56:09.420] [INFO ] [wb] 添加DruidPlugin插件(config=sample[main])
[2016-07-22 10:56:09.428] [INFO ] [wb] 添加ActiveRecordPlugin插件(config=sample[main])
[2016-07-22 10:56:09.449] [INFO ] [wb] arp.addMapping("sys_role_resource",RoleResource.class);[config=main]
[2016-07-22 10:56:09.449] [INFO ] [wb] arp.addMapping("sys_version",Version.class);[config=main]
[2016-07-22 10:56:09.449] [INFO ] [wb] arp.addMapping("sys_dict",Dict.class);[config=main]
[2016-07-22 10:56:09.449] [INFO ] [wb] arp.addMapping("sys_org",Org.class);[config=main]
[2016-07-22 10:56:09.449] [INFO ] [wb] arp.addMapping("sys_setting",Setting.class);[config=main]
[2016-07-22 10:56:09.449] [INFO ] [wb] arp.addMapping("sys_role_welcome",RoleWelcome.class);[config=main]
[2016-07-22 10:56:09.450] [INFO ] [wb] arp.addMapping("sys_tag_obj",TagObj.class);[config=main]
[2016-07-22 10:56:09.450] [INFO ] [wb] arp.addMapping("sys_resource",Resource.class);[config=main]
[2016-07-22 10:56:09.450] [INFO ] [wb] arp.addMapping("app_school",School.class);[config=main]
[2016-07-22 10:56:09.451] [INFO ] [wb] arp.addMapping("sys_message",Message.class);[config=main]
[2016-07-22 10:56:09.451] [INFO ] [wb] arp.addMapping("sys_user_role",UserRole.class);[config=main]
[2016-07-22 10:56:09.451] [INFO ] [wb] arp.addMapping("app_blog",Blog.class);[config=main]
[2016-07-22 10:56:09.451] [INFO ] [wb] arp.addMapping("sys_file",WbFile.class);[config=main]
[2016-07-22 10:56:09.452] [INFO ] [wb] arp.addMapping("sys_dict_type",DictType.class);[config=main]
[2016-07-22 10:56:09.452] [INFO ] [wb] arp.addMapping("sys_user",User.class);[config=main]
[2016-07-22 10:56:09.453] [INFO ] [wb] arp.addMapping("sys_optlog",Optlog.class);[config=main]
[2016-07-22 10:56:09.454] [INFO ] [wb] arp.addMapping("sys_tag",Tag.class);[config=main]
[2016-07-22 10:56:09.454] [INFO ] [wb] arp.addMapping("sys_role",Role.class);[config=main]
[2016-07-22 10:56:09.454] [INFO ] [wb] arp.addMapping("app_music",Music.class);[config=main]
[2016-07-22 10:56:09.458] [INFO ] [wb] 添加ShiroPlugin插件
[2016-07-22 10:56:10.111] [INFO ] [com.alibaba.druid.pool.DruidDataSource] {dataSource-1} inited
[2016-07-22 10:56:10.308] [INFO ] [wb] 开始启动Event插件
[2016-07-22 10:56:10.309] [INFO ] [wb] 启动固定线程数型线程池：poolSize=6
[2016-07-22 10:56:10.356] [INFO ] [org.reflections.Reflections] Reflections took 45 ms to scan 5 urls, producing 105 keys and 346 values [using 4 cores]
[2016-07-22 10:56:10.361] [INFO ] [wb] 添件监听器（type=com.wellbole.web.sys.org.OrgEvent, listener=com.wellbole.web.sys.user.OrgEventListener)
[2016-07-22 10:56:10.362] [INFO ] [wb] 添件监听器（type=com.wellbole.web.sys.setting.SettingEvent, listener=com.wellbole.web.sys.org.SettingEventListener)
[2016-07-22 10:56:10.396] [INFO ] [org.reflections.Reflections] Reflections took 32 ms to scan 6 urls, producing 105 keys and 356 values [using 4 cores]
[2016-07-22 10:56:10.399] [INFO ] [wb] 添加ShiroInterceptor拦截器
[2016-07-22 10:56:10.400] [INFO ] [wb] 添加上下文自动设定处理器，参数值为：base
[2016-07-22 10:56:10.400] [INFO ] [wb] 添加后缀名转换处理器，参数值为：.do
[2016-07-22 10:56:10.444] [INFO ] [org.eclipse.jetty.server.handler.ContextHandler] Started o.e.j.w.WebAppContext@c7a975a{/,file:///Users/cc/javawoworkspace/sample/WebRoot/,AVAILABLE}
[2016-07-22 10:56:10.476] [INFO ] [org.eclipse.jetty.server.AbstractConnector] Started ServerConnector@5aebf553{HTTP/1.1,[http/1.1]}{0.0.0.0:8000}
[2016-07-22 10:56:10.476] [INFO ] [org.eclipse.jetty.server.Server] Started @3483ms
[2016-07-22 10:56:52.388] [INFO ] [com.wellbole.web.core.onlinecounter.OnlineCounterListener] 有用户登录，在线人数加1
[2016-07-22 10:57:11.073] [INFO ] [wb] os.namemac os x
[2016-07-22 10:57:11.074] [INFO ] [wb] os.archx86_64
[2016-07-22 10:57:11.406] [INFO ] [com.wellbole.web.sys.login.LoginController] 用户:admin 登录系统,登录IP：0:0:0:0:0:0:0:1
[2016-07-22 10:57:11.438] [INFO ] [wb] 获取listeners和executor成功
[2016-07-22 10:57:11.438] [INFO ] [wb] 开始广播消息(event=com.wellbole.web.sys.login.LoginSuccessEvent)
[2016-07-22 10:57:20.312] [WARN ] [com.jfinal.plugin.ehcache.CacheKit] Could not find cache config [_sys_dict_], using default.
[2016-07-22 10:57:20.326] [INFO ] [cn.edu.xjtu.sample.app.blog.BlogController] keyword=
[2016-07-22 10:57:20.334] [WARN ] [com.jfinal.plugin.ehcache.CacheKit] Could not find cache config [app_blog:sys_user], using default.
[2016-07-22 11:01:49.486] [INFO ] [cn.edu.xjtu.sample.app.blog.BlogController] keyword=
[2016-07-22 11:02:00.420] [INFO ] [cn.edu.xjtu.sample.app.blog.BlogController] uploadFile fileName=test1.xls
[2016-07-22 11:02:00.421] [INFO ] [cn.edu.xjtu.sample.app.blog.BlogController] uploadFile originalFileName=test1.xls
[2016-07-22 11:02:00.671] [ERROR] [com.jfinal.core.ActionHandler] /app/blog/uploadFile
com.wellbole.data.reader.exception.DataReadException: 导入时发生错误：
不能完成列名－》字段名的映射，请检查改列名：类型;
不能完成列名－》字段名的映射，请检查改列名：手机;

	at com.wellbole.data.reader.excel.ExcelDataReader.read(ExcelDataReader.java:170)
	at cn.edu.xjtu.sample.app.blog.BlogController.uploadFile(BlogController.java:115)
	at sun.reflect.NativeMethodAccessorImpl.invoke0(Native Method)
	at sun.reflect.NativeMethodAccessorImpl.invoke(NativeMethodAccessorImpl.java:62)
	at sun.reflect.DelegatingMethodAccessorImpl.invoke(DelegatingMethodAccessorImpl.java:43)
	at java.lang.reflect.Method.invoke(Method.java:498)
	at com.jfinal.aop.Invocation.invoke(Invocation.java:74)
	at com.jfinal.plugin.activerecord.tx.Tx.intercept(Tx.java:77)
	at com.jfinal.aop.Invocation.invoke(Invocation.java:67)
	at com.jfinal.ext.plugin.shiro.ShiroInterceptor.intercept(ShiroInterceptor.java:94)
	at com.jfinal.aop.Invocation.invoke(Invocation.java:67)
	at com.jfinal.core.ActionHandler.handle(ActionHandler.java:74)
	at com.wellbole.web.core.handler.ActionExtNameHandler.handle(ActionExtNameHandler.java:45)
	at com.jfinal.ext.handler.ContextPathHandler.handle(ContextPathHandler.java:50)
	at com.jfinal.core.JFinalFilter.doFilter(JFinalFilter.java:72)
	at org.eclipse.jetty.servlet.ServletHandler$CachedChain.doFilter(ServletHandler.java:1676)
	at org.apache.shiro.web.servlet.AbstractShiroFilter.executeChain(AbstractShiroFilter.java:449)
	at org.apache.shiro.web.servlet.AbstractShiroFilter$1.call(AbstractShiroFilter.java:365)
	at org.apache.shiro.subject.support.SubjectCallable.doCall(SubjectCallable.java:90)
	at org.apache.shiro.subject.support.SubjectCallable.call(SubjectCallable.java:83)
	at org.apache.shiro.subject.support.DelegatingSubject.execute(DelegatingSubject.java:383)
	at org.apache.shiro.web.servlet.AbstractShiroFilter.doFilterInternal(AbstractShiroFilter.java:362)
	at org.apache.shiro.web.servlet.OncePerRequestFilter.doFilter(OncePerRequestFilter.java:125)
	at org.eclipse.jetty.servlet.ServletHandler$CachedChain.doFilter(ServletHandler.java:1668)
	at org.eclipse.jetty.servlets.GzipFilter.doFilter(GzipFilter.java:51)
	at org.eclipse.jetty.servlet.ServletHandler$CachedChain.doFilter(ServletHandler.java:1676)
	at org.eclipse.jetty.servlet.ServletHandler.doHandle(ServletHandler.java:581)
	at org.eclipse.jetty.server.handler.ScopedHandler.handle(ScopedHandler.java:143)
	at org.eclipse.jetty.security.SecurityHandler.handle(SecurityHandler.java:548)
	at org.eclipse.jetty.server.session.SessionHandler.doHandle(SessionHandler.java:226)
	at org.eclipse.jetty.server.handler.ContextHandler.doHandle(ContextHandler.java:1174)
	at org.eclipse.jetty.servlet.ServletHandler.doScope(ServletHandler.java:511)
	at org.eclipse.jetty.server.session.SessionHandler.doScope(SessionHandler.java:185)
	at org.eclipse.jetty.server.handler.ContextHandler.doScope(ContextHandler.java:1106)
	at org.eclipse.jetty.server.handler.ScopedHandler.handle(ScopedHandler.java:141)
	at org.eclipse.jetty.server.handler.HandlerWrapper.handle(HandlerWrapper.java:134)
	at org.eclipse.jetty.server.Server.handle(Server.java:524)
	at org.eclipse.jetty.server.HttpChannel.handle(HttpChannel.java:319)
	at org.eclipse.jetty.server.HttpConnection.onFillable(HttpConnection.java:253)
	at org.eclipse.jetty.io.AbstractConnection$ReadCallback.succeeded(AbstractConnection.java:273)
	at org.eclipse.jetty.io.FillInterest.fillable(FillInterest.java:95)
	at org.eclipse.jetty.io.SelectChannelEndPoint$2.run(SelectChannelEndPoint.java:93)
	at org.eclipse.jetty.util.thread.strategy.ExecuteProduceConsume.executeProduceConsume(ExecuteProduceConsume.java:303)
	at org.eclipse.jetty.util.thread.strategy.ExecuteProduceConsume.produceConsume(ExecuteProduceConsume.java:148)
	at org.eclipse.jetty.util.thread.strategy.ExecuteProduceConsume.run(ExecuteProduceConsume.java:136)
	at org.eclipse.jetty.util.thread.QueuedThreadPool.runJob(QueuedThreadPool.java:671)
	at org.eclipse.jetty.util.thread.QueuedThreadPool$2.run(QueuedThreadPool.java:589)
	at java.lang.Thread.run(Thread.java:745)
[2016-07-22 11:02:39.989] [INFO ] [cn.edu.xjtu.sample.app.blog.BlogController] keyword=
[2016-07-22 11:03:30.586] [INFO ] [cn.edu.xjtu.sample.app.blog.BlogController] keyword=
[2016-07-22 11:03:39.920] [INFO ] [cn.edu.xjtu.sample.app.blog.BlogController] uploadFile fileName=test11.xls
[2016-07-22 11:03:39.921] [INFO ] [cn.edu.xjtu.sample.app.blog.BlogController] uploadFile originalFileName=test1.xls
[2016-07-22 11:03:40.085] [ERROR] [com.jfinal.core.ActionHandler] /app/blog/uploadFile
com.wellbole.data.reader.exception.DataReadException: 导入时发生错误：
不能完成列名－》字段名的映射，请检查改列名：类型;
不能完成列名－》字段名的映射，请检查改列名：手机;

	at com.wellbole.data.reader.excel.ExcelDataReader.read(ExcelDataReader.java:170)
	at cn.edu.xjtu.sample.app.blog.BlogController.uploadFile(BlogController.java:115)
	at sun.reflect.NativeMethodAccessorImpl.invoke0(Native Method)
	at sun.reflect.NativeMethodAccessorImpl.invoke(NativeMethodAccessorImpl.java:62)
	at sun.reflect.DelegatingMethodAccessorImpl.invoke(DelegatingMethodAccessorImpl.java:43)
	at java.lang.reflect.Method.invoke(Method.java:498)
	at com.jfinal.aop.Invocation.invoke(Invocation.java:74)
	at com.jfinal.plugin.activerecord.tx.Tx.intercept(Tx.java:77)
	at com.jfinal.aop.Invocation.invoke(Invocation.java:67)
	at com.jfinal.ext.plugin.shiro.ShiroInterceptor.intercept(ShiroInterceptor.java:94)
	at com.jfinal.aop.Invocation.invoke(Invocation.java:67)
	at com.jfinal.core.ActionHandler.handle(ActionHandler.java:74)
	at com.wellbole.web.core.handler.ActionExtNameHandler.handle(ActionExtNameHandler.java:45)
	at com.jfinal.ext.handler.ContextPathHandler.handle(ContextPathHandler.java:50)
	at com.jfinal.core.JFinalFilter.doFilter(JFinalFilter.java:72)
	at org.eclipse.jetty.servlet.ServletHandler$CachedChain.doFilter(ServletHandler.java:1676)
	at org.apache.shiro.web.servlet.AbstractShiroFilter.executeChain(AbstractShiroFilter.java:449)
	at org.apache.shiro.web.servlet.AbstractShiroFilter$1.call(AbstractShiroFilter.java:365)
	at org.apache.shiro.subject.support.SubjectCallable.doCall(SubjectCallable.java:90)
	at org.apache.shiro.subject.support.SubjectCallable.call(SubjectCallable.java:83)
	at org.apache.shiro.subject.support.DelegatingSubject.execute(DelegatingSubject.java:383)
	at org.apache.shiro.web.servlet.AbstractShiroFilter.doFilterInternal(AbstractShiroFilter.java:362)
	at org.apache.shiro.web.servlet.OncePerRequestFilter.doFilter(OncePerRequestFilter.java:125)
	at org.eclipse.jetty.servlet.ServletHandler$CachedChain.doFilter(ServletHandler.java:1668)
	at org.eclipse.jetty.servlets.GzipFilter.doFilter(GzipFilter.java:51)
	at org.eclipse.jetty.servlet.ServletHandler$CachedChain.doFilter(ServletHandler.java:1676)
	at org.eclipse.jetty.servlet.ServletHandler.doHandle(ServletHandler.java:581)
	at org.eclipse.jetty.server.handler.ScopedHandler.handle(ScopedHandler.java:143)
	at org.eclipse.jetty.security.SecurityHandler.handle(SecurityHandler.java:548)
	at org.eclipse.jetty.server.session.SessionHandler.doHandle(SessionHandler.java:226)
	at org.eclipse.jetty.server.handler.ContextHandler.doHandle(ContextHandler.java:1174)
	at org.eclipse.jetty.servlet.ServletHandler.doScope(ServletHandler.java:511)
	at org.eclipse.jetty.server.session.SessionHandler.doScope(SessionHandler.java:185)
	at org.eclipse.jetty.server.handler.ContextHandler.doScope(ContextHandler.java:1106)
	at org.eclipse.jetty.server.handler.ScopedHandler.handle(ScopedHandler.java:141)
	at org.eclipse.jetty.server.handler.HandlerWrapper.handle(HandlerWrapper.java:134)
	at org.eclipse.jetty.server.Server.handle(Server.java:524)
	at org.eclipse.jetty.server.HttpChannel.handle(HttpChannel.java:319)
	at org.eclipse.jetty.server.HttpConnection.onFillable(HttpConnection.java:253)
	at org.eclipse.jetty.io.AbstractConnection$ReadCallback.succeeded(AbstractConnection.java:273)
	at org.eclipse.jetty.io.FillInterest.fillable(FillInterest.java:95)
	at org.eclipse.jetty.io.SelectChannelEndPoint$2.run(SelectChannelEndPoint.java:93)
	at org.eclipse.jetty.util.thread.strategy.ExecuteProduceConsume.executeProduceConsume(ExecuteProduceConsume.java:303)
	at org.eclipse.jetty.util.thread.strategy.ExecuteProduceConsume.produceConsume(ExecuteProduceConsume.java:148)
	at org.eclipse.jetty.util.thread.strategy.ExecuteProduceConsume.run(ExecuteProduceConsume.java:136)
	at org.eclipse.jetty.util.thread.QueuedThreadPool.runJob(QueuedThreadPool.java:671)
	at org.eclipse.jetty.util.thread.QueuedThreadPool$2.run(QueuedThreadPool.java:589)
	at java.lang.Thread.run(Thread.java:745)
[2016-07-22 11:04:09.941] [WARN ] [com.jfinal.core.Injector] Maybe the model attribute 0 is not exists. Please check parameter's name!
[2016-07-22 11:04:09.962] [INFO ] [cn.edu.xjtu.sample.app.blog.BlogController] keyword=
[2016-07-22 11:10:02.862] [INFO ] [cn.edu.xjtu.sample.app.school.SchoolController] keyword=null
[2016-07-22 11:10:03.613] [INFO ] [cn.edu.xjtu.sample.app.music.MusicController] keyword=null
[2016-07-22 11:10:03.657] [INFO ] [cn.edu.xjtu.sample.app.music.MusicController] keyword=null
[2016-07-22 11:12:16.389] [INFO ] [cn.edu.xjtu.sample.app.music.MusicController] keyword=null
[2016-07-22 11:12:16.418] [INFO ] [cn.edu.xjtu.sample.app.music.MusicController] keyword=null
[2016-07-22 11:12:16.928] [INFO ] [cn.edu.xjtu.sample.app.school.SchoolController] keyword=null
[2016-07-22 11:12:18.139] [INFO ] [cn.edu.xjtu.sample.app.music.MusicController] keyword=null
[2016-07-22 11:12:18.183] [INFO ] [cn.edu.xjtu.sample.app.music.MusicController] keyword=null
[2016-07-22 11:13:55.119] [INFO ] [cn.edu.xjtu.sample.app.music.MusicController] uploadFile fileName=test.xls
[2016-07-22 11:13:55.119] [INFO ] [cn.edu.xjtu.sample.app.music.MusicController] uploadFile originalFileName=test.xls
[2016-07-22 11:13:55.344] [INFO ] [cn.edu.xjtu.sample.app.music.MusicController] keyword=null
[2016-07-22 11:13:55.381] [INFO ] [cn.edu.xjtu.sample.app.music.MusicController] keyword=null
[2016-07-22 11:14:15.146] [INFO ] [cn.edu.xjtu.sample.app.blog.BlogController] keyword=
[2016-07-22 11:15:03.403] [INFO ] [cn.edu.xjtu.sample.app.blog.BlogController] keyword=
[2016-07-22 11:15:18.400] [INFO ] [cn.edu.xjtu.sample.app.blog.BlogController] uploadFile fileName=test12.xls
[2016-07-22 11:15:18.401] [INFO ] [cn.edu.xjtu.sample.app.blog.BlogController] uploadFile originalFileName=test1.xls
[2016-07-22 11:15:18.558] [ERROR] [com.jfinal.core.ActionHandler] /app/blog/uploadFile
com.wellbole.data.reader.exception.DataReadException: 导入时发生错误：
不能完成列名－》字段名的映射，请检查改列名：类型;
不能完成列名－》字段名的映射，请检查改列名：手机;

	at com.wellbole.data.reader.excel.ExcelDataReader.read(ExcelDataReader.java:170)
	at cn.edu.xjtu.sample.app.blog.BlogController.uploadFile(BlogController.java:115)
	at sun.reflect.NativeMethodAccessorImpl.invoke0(Native Method)
	at sun.reflect.NativeMethodAccessorImpl.invoke(NativeMethodAccessorImpl.java:62)
	at sun.reflect.DelegatingMethodAccessorImpl.invoke(DelegatingMethodAccessorImpl.java:43)
	at java.lang.reflect.Method.invoke(Method.java:498)
	at com.jfinal.aop.Invocation.invoke(Invocation.java:74)
	at com.jfinal.plugin.activerecord.tx.Tx.intercept(Tx.java:77)
	at com.jfinal.aop.Invocation.invoke(Invocation.java:67)
	at com.jfinal.ext.plugin.shiro.ShiroInterceptor.intercept(ShiroInterceptor.java:94)
	at com.jfinal.aop.Invocation.invoke(Invocation.java:67)
	at com.jfinal.core.ActionHandler.handle(ActionHandler.java:74)
	at com.wellbole.web.core.handler.ActionExtNameHandler.handle(ActionExtNameHandler.java:45)
	at com.jfinal.ext.handler.ContextPathHandler.handle(ContextPathHandler.java:50)
	at com.jfinal.core.JFinalFilter.doFilter(JFinalFilter.java:72)
	at org.eclipse.jetty.servlet.ServletHandler$CachedChain.doFilter(ServletHandler.java:1676)
	at org.apache.shiro.web.servlet.AbstractShiroFilter.executeChain(AbstractShiroFilter.java:449)
	at org.apache.shiro.web.servlet.AbstractShiroFilter$1.call(AbstractShiroFilter.java:365)
	at org.apache.shiro.subject.support.SubjectCallable.doCall(SubjectCallable.java:90)
	at org.apache.shiro.subject.support.SubjectCallable.call(SubjectCallable.java:83)
	at org.apache.shiro.subject.support.DelegatingSubject.execute(DelegatingSubject.java:383)
	at org.apache.shiro.web.servlet.AbstractShiroFilter.doFilterInternal(AbstractShiroFilter.java:362)
	at org.apache.shiro.web.servlet.OncePerRequestFilter.doFilter(OncePerRequestFilter.java:125)
	at org.eclipse.jetty.servlet.ServletHandler$CachedChain.doFilter(ServletHandler.java:1668)
	at org.eclipse.jetty.servlets.GzipFilter.doFilter(GzipFilter.java:51)
	at org.eclipse.jetty.servlet.ServletHandler$CachedChain.doFilter(ServletHandler.java:1676)
	at org.eclipse.jetty.servlet.ServletHandler.doHandle(ServletHandler.java:581)
	at org.eclipse.jetty.server.handler.ScopedHandler.handle(ScopedHandler.java:143)
	at org.eclipse.jetty.security.SecurityHandler.handle(SecurityHandler.java:548)
	at org.eclipse.jetty.server.session.SessionHandler.doHandle(SessionHandler.java:226)
	at org.eclipse.jetty.server.handler.ContextHandler.doHandle(ContextHandler.java:1174)
	at org.eclipse.jetty.servlet.ServletHandler.doScope(ServletHandler.java:511)
	at org.eclipse.jetty.server.session.SessionHandler.doScope(SessionHandler.java:185)
	at org.eclipse.jetty.server.handler.ContextHandler.doScope(ContextHandler.java:1106)
	at org.eclipse.jetty.server.handler.ScopedHandler.handle(ScopedHandler.java:141)
	at org.eclipse.jetty.server.handler.HandlerWrapper.handle(HandlerWrapper.java:134)
	at org.eclipse.jetty.server.Server.handle(Server.java:524)
	at org.eclipse.jetty.server.HttpChannel.handle(HttpChannel.java:319)
	at org.eclipse.jetty.server.HttpConnection.onFillable(HttpConnection.java:253)
	at org.eclipse.jetty.io.AbstractConnection$ReadCallback.succeeded(AbstractConnection.java:273)
	at org.eclipse.jetty.io.FillInterest.fillable(FillInterest.java:95)
	at org.eclipse.jetty.io.SelectChannelEndPoint$2.run(SelectChannelEndPoint.java:93)
	at org.eclipse.jetty.util.thread.strategy.ExecuteProduceConsume.executeProduceConsume(ExecuteProduceConsume.java:303)
	at org.eclipse.jetty.util.thread.strategy.ExecuteProduceConsume.produceConsume(ExecuteProduceConsume.java:148)
	at org.eclipse.jetty.util.thread.strategy.ExecuteProduceConsume.run(ExecuteProduceConsume.java:136)
	at org.eclipse.jetty.util.thread.QueuedThreadPool.runJob(QueuedThreadPool.java:671)
	at org.eclipse.jetty.util.thread.QueuedThreadPool$2.run(QueuedThreadPool.java:589)
	at java.lang.Thread.run(Thread.java:745)
[2016-07-22 11:18:03.831] [INFO ] [cn.edu.xjtu.sample.app.blog.BlogController] keyword=
[2016-07-22 11:18:11.101] [INFO ] [cn.edu.xjtu.sample.app.blog.BlogController] uploadFile fileName=test13.xls
[2016-07-22 11:18:11.101] [INFO ] [cn.edu.xjtu.sample.app.blog.BlogController] uploadFile originalFileName=test1.xls
[2016-07-22 11:18:11.250] [ERROR] [com.jfinal.core.ActionHandler] /app/blog/uploadFile
com.wellbole.data.reader.exception.DataReadException: 导入时发生错误：
不能完成列名－》字段名的映射，请检查改列名：typeCode;
不能完成列名－》字段名的映射，请检查改列名：title;
不能完成列名－》字段名的映射，请检查改列名：content;

	at com.wellbole.data.reader.excel.ExcelDataReader.read(ExcelDataReader.java:170)
	at cn.edu.xjtu.sample.app.blog.BlogController.uploadFile(BlogController.java:115)
	at sun.reflect.NativeMethodAccessorImpl.invoke0(Native Method)
	at sun.reflect.NativeMethodAccessorImpl.invoke(NativeMethodAccessorImpl.java:62)
	at sun.reflect.DelegatingMethodAccessorImpl.invoke(DelegatingMethodAccessorImpl.java:43)
	at java.lang.reflect.Method.invoke(Method.java:498)
	at com.jfinal.aop.Invocation.invoke(Invocation.java:74)
	at com.jfinal.plugin.activerecord.tx.Tx.intercept(Tx.java:77)
	at com.jfinal.aop.Invocation.invoke(Invocation.java:67)
	at com.jfinal.ext.plugin.shiro.ShiroInterceptor.intercept(ShiroInterceptor.java:94)
	at com.jfinal.aop.Invocation.invoke(Invocation.java:67)
	at com.jfinal.core.ActionHandler.handle(ActionHandler.java:74)
	at com.wellbole.web.core.handler.ActionExtNameHandler.handle(ActionExtNameHandler.java:45)
	at com.jfinal.ext.handler.ContextPathHandler.handle(ContextPathHandler.java:50)
	at com.jfinal.core.JFinalFilter.doFilter(JFinalFilter.java:72)
	at org.eclipse.jetty.servlet.ServletHandler$CachedChain.doFilter(ServletHandler.java:1676)
	at org.apache.shiro.web.servlet.AbstractShiroFilter.executeChain(AbstractShiroFilter.java:449)
	at org.apache.shiro.web.servlet.AbstractShiroFilter$1.call(AbstractShiroFilter.java:365)
	at org.apache.shiro.subject.support.SubjectCallable.doCall(SubjectCallable.java:90)
	at org.apache.shiro.subject.support.SubjectCallable.call(SubjectCallable.java:83)
	at org.apache.shiro.subject.support.DelegatingSubject.execute(DelegatingSubject.java:383)
	at org.apache.shiro.web.servlet.AbstractShiroFilter.doFilterInternal(AbstractShiroFilter.java:362)
	at org.apache.shiro.web.servlet.OncePerRequestFilter.doFilter(OncePerRequestFilter.java:125)
	at org.eclipse.jetty.servlet.ServletHandler$CachedChain.doFilter(ServletHandler.java:1668)
	at org.eclipse.jetty.servlets.GzipFilter.doFilter(GzipFilter.java:51)
	at org.eclipse.jetty.servlet.ServletHandler$CachedChain.doFilter(ServletHandler.java:1676)
	at org.eclipse.jetty.servlet.ServletHandler.doHandle(ServletHandler.java:581)
	at org.eclipse.jetty.server.handler.ScopedHandler.handle(ScopedHandler.java:143)
	at org.eclipse.jetty.security.SecurityHandler.handle(SecurityHandler.java:548)
	at org.eclipse.jetty.server.session.SessionHandler.doHandle(SessionHandler.java:226)
	at org.eclipse.jetty.server.handler.ContextHandler.doHandle(ContextHandler.java:1174)
	at org.eclipse.jetty.servlet.ServletHandler.doScope(ServletHandler.java:511)
	at org.eclipse.jetty.server.session.SessionHandler.doScope(SessionHandler.java:185)
	at org.eclipse.jetty.server.handler.ContextHandler.doScope(ContextHandler.java:1106)
	at org.eclipse.jetty.server.handler.ScopedHandler.handle(ScopedHandler.java:141)
	at org.eclipse.jetty.server.handler.HandlerWrapper.handle(HandlerWrapper.java:134)
	at org.eclipse.jetty.server.Server.handle(Server.java:524)
	at org.eclipse.jetty.server.HttpChannel.handle(HttpChannel.java:319)
	at org.eclipse.jetty.server.HttpConnection.onFillable(HttpConnection.java:253)
	at org.eclipse.jetty.io.AbstractConnection$ReadCallback.succeeded(AbstractConnection.java:273)
	at org.eclipse.jetty.io.FillInterest.fillable(FillInterest.java:95)
	at org.eclipse.jetty.io.SelectChannelEndPoint$2.run(SelectChannelEndPoint.java:93)
	at org.eclipse.jetty.util.thread.strategy.ExecuteProduceConsume.executeProduceConsume(ExecuteProduceConsume.java:303)
	at org.eclipse.jetty.util.thread.strategy.ExecuteProduceConsume.produceConsume(ExecuteProduceConsume.java:148)
	at org.eclipse.jetty.util.thread.strategy.ExecuteProduceConsume.run(ExecuteProduceConsume.java:136)
	at org.eclipse.jetty.util.thread.QueuedThreadPool.runJob(QueuedThreadPool.java:671)
	at org.eclipse.jetty.util.thread.QueuedThreadPool$2.run(QueuedThreadPool.java:589)
	at java.lang.Thread.run(Thread.java:745)
[2016-07-22 11:19:19.069] [INFO ] [cn.edu.xjtu.sample.app.school.SchoolController] keyword=null
[2016-07-22 11:19:21.268] [INFO ] [cn.edu.xjtu.sample.app.blog.BlogController] keyword=
[2016-07-22 11:19:26.503] [INFO ] [cn.edu.xjtu.sample.app.blog.BlogController] uploadFile fileName=test14.xls
[2016-07-22 11:19:26.504] [INFO ] [cn.edu.xjtu.sample.app.blog.BlogController] uploadFile originalFileName=test1.xls
[2016-07-22 11:19:26.658] [ERROR] [com.jfinal.core.ActionHandler] /app/blog/uploadFile
com.wellbole.data.reader.exception.DataReadException: 导入时发生错误：
不能完成列名－》字段名的映射，请检查改列名：title;
不能完成列名－》字段名的映射，请检查改列名：content;

	at com.wellbole.data.reader.excel.ExcelDataReader.read(ExcelDataReader.java:170)
	at cn.edu.xjtu.sample.app.blog.BlogController.uploadFile(BlogController.java:115)
	at sun.reflect.NativeMethodAccessorImpl.invoke0(Native Method)
	at sun.reflect.NativeMethodAccessorImpl.invoke(NativeMethodAccessorImpl.java:62)
	at sun.reflect.DelegatingMethodAccessorImpl.invoke(DelegatingMethodAccessorImpl.java:43)
	at java.lang.reflect.Method.invoke(Method.java:498)
	at com.jfinal.aop.Invocation.invoke(Invocation.java:74)
	at com.jfinal.plugin.activerecord.tx.Tx.intercept(Tx.java:77)
	at com.jfinal.aop.Invocation.invoke(Invocation.java:67)
	at com.jfinal.ext.plugin.shiro.ShiroInterceptor.intercept(ShiroInterceptor.java:94)
	at com.jfinal.aop.Invocation.invoke(Invocation.java:67)
	at com.jfinal.core.ActionHandler.handle(ActionHandler.java:74)
	at com.wellbole.web.core.handler.ActionExtNameHandler.handle(ActionExtNameHandler.java:45)
	at com.jfinal.ext.handler.ContextPathHandler.handle(ContextPathHandler.java:50)
	at com.jfinal.core.JFinalFilter.doFilter(JFinalFilter.java:72)
	at org.eclipse.jetty.servlet.ServletHandler$CachedChain.doFilter(ServletHandler.java:1676)
	at org.apache.shiro.web.servlet.AbstractShiroFilter.executeChain(AbstractShiroFilter.java:449)
	at org.apache.shiro.web.servlet.AbstractShiroFilter$1.call(AbstractShiroFilter.java:365)
	at org.apache.shiro.subject.support.SubjectCallable.doCall(SubjectCallable.java:90)
	at org.apache.shiro.subject.support.SubjectCallable.call(SubjectCallable.java:83)
	at org.apache.shiro.subject.support.DelegatingSubject.execute(DelegatingSubject.java:383)
	at org.apache.shiro.web.servlet.AbstractShiroFilter.doFilterInternal(AbstractShiroFilter.java:362)
	at org.apache.shiro.web.servlet.OncePerRequestFilter.doFilter(OncePerRequestFilter.java:125)
	at org.eclipse.jetty.servlet.ServletHandler$CachedChain.doFilter(ServletHandler.java:1668)
	at org.eclipse.jetty.servlets.GzipFilter.doFilter(GzipFilter.java:51)
	at org.eclipse.jetty.servlet.ServletHandler$CachedChain.doFilter(ServletHandler.java:1676)
	at org.eclipse.jetty.servlet.ServletHandler.doHandle(ServletHandler.java:581)
	at org.eclipse.jetty.server.handler.ScopedHandler.handle(ScopedHandler.java:143)
	at org.eclipse.jetty.security.SecurityHandler.handle(SecurityHandler.java:548)
	at org.eclipse.jetty.server.session.SessionHandler.doHandle(SessionHandler.java:226)
	at org.eclipse.jetty.server.handler.ContextHandler.doHandle(ContextHandler.java:1174)
	at org.eclipse.jetty.servlet.ServletHandler.doScope(ServletHandler.java:511)
	at org.eclipse.jetty.server.session.SessionHandler.doScope(SessionHandler.java:185)
	at org.eclipse.jetty.server.handler.ContextHandler.doScope(ContextHandler.java:1106)
	at org.eclipse.jetty.server.handler.ScopedHandler.handle(ScopedHandler.java:141)
	at org.eclipse.jetty.server.handler.HandlerWrapper.handle(HandlerWrapper.java:134)
	at org.eclipse.jetty.server.Server.handle(Server.java:524)
	at org.eclipse.jetty.server.HttpChannel.handle(HttpChannel.java:319)
	at org.eclipse.jetty.server.HttpConnection.onFillable(HttpConnection.java:253)
	at org.eclipse.jetty.io.AbstractConnection$ReadCallback.succeeded(AbstractConnection.java:273)
	at org.eclipse.jetty.io.FillInterest.fillable(FillInterest.java:95)
	at org.eclipse.jetty.io.SelectChannelEndPoint$2.run(SelectChannelEndPoint.java:93)
	at org.eclipse.jetty.util.thread.strategy.ExecuteProduceConsume.executeProduceConsume(ExecuteProduceConsume.java:303)
	at org.eclipse.jetty.util.thread.strategy.ExecuteProduceConsume.produceConsume(ExecuteProduceConsume.java:148)
	at org.eclipse.jetty.util.thread.strategy.ExecuteProduceConsume.run(ExecuteProduceConsume.java:136)
	at org.eclipse.jetty.util.thread.QueuedThreadPool.runJob(QueuedThreadPool.java:671)
	at org.eclipse.jetty.util.thread.QueuedThreadPool$2.run(QueuedThreadPool.java:589)
	at java.lang.Thread.run(Thread.java:745)
[2016-07-22 11:19:54.063] [INFO ] [cn.edu.xjtu.sample.app.school.SchoolController] keyword=null
[2016-07-22 11:19:54.342] [INFO ] [cn.edu.xjtu.sample.app.music.MusicController] keyword=null
[2016-07-22 11:19:54.386] [INFO ] [cn.edu.xjtu.sample.app.music.MusicController] keyword=null
[2016-07-22 11:19:55.545] [INFO ] [cn.edu.xjtu.sample.app.blog.BlogController] keyword=
[2016-07-22 11:20:00.901] [INFO ] [cn.edu.xjtu.sample.app.blog.BlogController] uploadFile fileName=test15.xls
[2016-07-22 11:20:00.901] [INFO ] [cn.edu.xjtu.sample.app.blog.BlogController] uploadFile originalFileName=test1.xls
[2016-07-22 11:20:01.099] [INFO ] [cn.edu.xjtu.sample.app.blog.BlogController] keyword=
[2016-07-22 11:20:50.368] [INFO ] [cn.edu.xjtu.sample.app.blog.BlogController] keyword=
[2016-07-22 11:20:59.385] [INFO ] [cn.edu.xjtu.sample.app.blog.BlogController] uploadFile fileName=test16.xls
[2016-07-22 11:20:59.385] [INFO ] [cn.edu.xjtu.sample.app.blog.BlogController] uploadFile originalFileName=test1.xls
[2016-07-22 11:20:59.587] [INFO ] [cn.edu.xjtu.sample.app.blog.BlogController] keyword=
[2016-07-22 11:23:53.087] [INFO ] [com.alibaba.druid.pool.DruidDataSource] {dataSource-1} closed
[2016-07-22 11:23:53.104] [INFO ] [/] Cleaning up Shiro Environment
[2016-07-22 11:23:53.106] [INFO ] [org.eclipse.jetty.server.handler.ContextHandler] Stopped o.e.j.w.WebAppContext@c7a975a{/,file:///Users/cc/javawoworkspace/sample/WebRoot/,UNAVAILABLE}
[2016-07-22 11:23:53.247] [INFO ] [org.eclipse.jetty.webapp.StandardDescriptorProcessor] NO JSP Support for /, did not find org.eclipse.jetty.jsp.JettyJspServlet
[2016-07-22 11:23:53.367] [INFO ] [/] Initializing Shiro environment
[2016-07-22 11:23:53.368] [INFO ] [org.apache.shiro.web.env.EnvironmentLoader] Starting Shiro environment initialization.
[2016-07-22 11:23:53.491] [INFO ] [org.apache.shiro.config.IniSecurityManagerFactory] Realms have been explicitly set on the SecurityManager instance - auto-setting of realms will not occur.
[2016-07-22 11:23:53.493] [INFO ] [org.apache.shiro.web.env.EnvironmentLoader] Shiro environment initialized in 123 ms.
[2016-07-22 11:23:53.493] [WARN ] [org.eclipse.jetty.servlets.GzipFilter] GzipFilter is deprecated. Use GzipHandler
[2016-07-22 11:23:53.504] [INFO ] [wb] scanPackage=com.wellbole,cn.edu.xjtu
[2016-07-22 11:23:53.644] [INFO ] [org.reflections.Reflections] Reflections took 90 ms to scan 5 urls, producing 105 keys and 346 values [using 4 cores]
[2016-07-22 11:23:53.782] [INFO ] [wb] routes.add("/app/school",SchoolController.class);
[2016-07-22 11:23:53.782] [INFO ] [wb] routes.add("/index",IndexController.class);
[2016-07-22 11:23:53.783] [INFO ] [wb] routes.add("/account",LoginController.class);
[2016-07-22 11:23:53.783] [INFO ] [wb] routes.add("/sys/message",MessageController.class);
[2016-07-22 11:23:53.783] [INFO ] [wb] routes.add("/sys/error",ErrorController.class);
[2016-07-22 11:23:53.783] [INFO ] [wb] routes.add("/sys/version",VersionController.class);
[2016-07-22 11:23:53.792] [INFO ] [wb] routes.add("/sys/dicttype",DictTypeController.class);
[2016-07-22 11:23:53.792] [INFO ] [wb] routes.add("/kit",KitController.class);
[2016-07-22 11:23:53.795] [INFO ] [wb] routes.add("/sys/webix",WebixController.class);
[2016-07-22 11:23:53.795] [INFO ] [wb] routes.add("/app/blog",BlogController.class);
[2016-07-22 11:23:53.795] [INFO ] [wb] routes.add("/sys/file",WbFileController.class);
[2016-07-22 11:23:53.796] [INFO ] [wb] routes.add("/sys/user",UserController.class);
[2016-07-22 11:23:53.796] [INFO ] [wb] routes.add("/sys/setting",SettingController.class);
[2016-07-22 11:23:53.796] [INFO ] [wb] routes.add("/sys/role",RoleController.class);
[2016-07-22 11:23:53.796] [INFO ] [wb] routes.add("/sys/org",OrgController.class);
[2016-07-22 11:23:53.796] [INFO ] [wb] routes.add("/sys/urlRewriter",UrlRewriterController.class);
[2016-07-22 11:23:53.797] [INFO ] [wb] routes.add("/sys/test",TestController.class);
[2016-07-22 11:23:53.797] [INFO ] [wb] routes.add("/sys/dict",DictController.class);
[2016-07-22 11:23:53.797] [INFO ] [wb] routes.add("/sys/resource",ResourceController.class);
[2016-07-22 11:23:53.797] [INFO ] [wb] routes.add("/sys/tag",TagController.class);
[2016-07-22 11:23:53.798] [INFO ] [wb] routes.add("/sys/optlog",OptlogController.class);
[2016-07-22 11:23:53.798] [INFO ] [wb] routes.add("/app/music",MusicController.class);
[2016-07-22 11:23:54.027] [INFO ] [wb] 添加EhCachePlugin插件
[2016-07-22 11:23:54.029] [INFO ] [wb] os.namemac os x
[2016-07-22 11:23:54.029] [INFO ] [wb] os.archx86_64
[2016-07-22 11:23:54.091] [INFO ] [wb] 添加DruidPlugin插件(config=sample[main])
[2016-07-22 11:23:54.095] [INFO ] [wb] 添加ActiveRecordPlugin插件(config=sample[main])
[2016-07-22 11:23:54.110] [INFO ] [wb] arp.addMapping("sys_user",User.class);[config=main]
[2016-07-22 11:23:54.110] [INFO ] [wb] arp.addMapping("app_school",School.class);[config=main]
[2016-07-22 11:23:54.111] [INFO ] [wb] arp.addMapping("sys_role_resource",RoleResource.class);[config=main]
[2016-07-22 11:23:54.111] [INFO ] [wb] arp.addMapping("sys_dict",Dict.class);[config=main]
[2016-07-22 11:23:54.111] [INFO ] [wb] arp.addMapping("sys_role_welcome",RoleWelcome.class);[config=main]
[2016-07-22 11:23:54.111] [INFO ] [wb] arp.addMapping("sys_tag",Tag.class);[config=main]
[2016-07-22 11:23:54.111] [INFO ] [wb] arp.addMapping("sys_user_role",UserRole.class);[config=main]
[2016-07-22 11:23:54.111] [INFO ] [wb] arp.addMapping("app_blog",Blog.class);[config=main]
[2016-07-22 11:23:54.111] [INFO ] [wb] arp.addMapping("sys_file",WbFile.class);[config=main]
[2016-07-22 11:23:54.111] [INFO ] [wb] arp.addMapping("sys_optlog",Optlog.class);[config=main]
[2016-07-22 11:23:54.111] [INFO ] [wb] arp.addMapping("sys_org",Org.class);[config=main]
[2016-07-22 11:23:54.111] [INFO ] [wb] arp.addMapping("sys_message",Message.class);[config=main]
[2016-07-22 11:23:54.111] [INFO ] [wb] arp.addMapping("sys_tag_obj",TagObj.class);[config=main]
[2016-07-22 11:23:54.112] [INFO ] [wb] arp.addMapping("sys_dict_type",DictType.class);[config=main]
[2016-07-22 11:23:54.112] [INFO ] [wb] arp.addMapping("sys_role",Role.class);[config=main]
[2016-07-22 11:23:54.112] [INFO ] [wb] arp.addMapping("app_music",Music.class);[config=main]
[2016-07-22 11:23:54.112] [INFO ] [wb] arp.addMapping("sys_resource",Resource.class);[config=main]
[2016-07-22 11:23:54.112] [INFO ] [wb] arp.addMapping("sys_setting",Setting.class);[config=main]
[2016-07-22 11:23:54.112] [INFO ] [wb] arp.addMapping("sys_version",Version.class);[config=main]
[2016-07-22 11:23:54.114] [INFO ] [wb] 添加ShiroPlugin插件
[2016-07-22 11:23:54.509] [INFO ] [com.alibaba.druid.pool.DruidDataSource] {dataSource-1} inited
[2016-07-22 11:23:54.644] [INFO ] [wb] 开始启动Event插件
[2016-07-22 11:23:54.645] [INFO ] [wb] 启动固定线程数型线程池：poolSize=6
[2016-07-22 11:23:54.686] [INFO ] [org.reflections.Reflections] Reflections took 40 ms to scan 5 urls, producing 105 keys and 346 values [using 4 cores]
[2016-07-22 11:23:54.690] [INFO ] [wb] 添件监听器（type=com.wellbole.web.sys.org.OrgEvent, listener=com.wellbole.web.sys.user.OrgEventListener)
[2016-07-22 11:23:54.690] [INFO ] [wb] 添件监听器（type=com.wellbole.web.sys.setting.SettingEvent, listener=com.wellbole.web.sys.org.SettingEventListener)
[2016-07-22 11:23:54.713] [INFO ] [org.reflections.Reflections] Reflections took 21 ms to scan 6 urls, producing 105 keys and 356 values [using 4 cores]
[2016-07-22 11:23:54.716] [INFO ] [wb] 添加ShiroInterceptor拦截器
[2016-07-22 11:23:54.716] [INFO ] [wb] 添加上下文自动设定处理器，参数值为：base
[2016-07-22 11:23:54.716] [INFO ] [wb] 添加后缀名转换处理器，参数值为：.do
[2016-07-22 11:23:54.733] [INFO ] [org.eclipse.jetty.server.handler.ContextHandler] Started o.e.j.w.WebAppContext@c7a975a{/,file:///Users/cc/javawoworkspace/sample/WebRoot/,AVAILABLE}
[2016-07-22 11:23:58.327] [INFO ] [cn.edu.xjtu.sample.app.school.SchoolController] keyword=null
[2016-07-22 11:24:00.087] [WARN ] [com.jfinal.plugin.ehcache.CacheKit] Could not find cache config [_sys_dict_], using default.
[2016-07-22 11:24:00.092] [INFO ] [cn.edu.xjtu.sample.app.blog.BlogController] keyword=
[2016-07-22 11:24:00.117] [WARN ] [com.jfinal.plugin.ehcache.CacheKit] Could not find cache config [app_blog:sys_user], using default.
[2016-07-22 11:24:06.442] [INFO ] [cn.edu.xjtu.sample.app.music.MusicController] keyword=null
[2016-07-22 11:24:06.491] [INFO ] [cn.edu.xjtu.sample.app.music.MusicController] keyword=null
[2016-07-22 11:24:13.059] [INFO ] [cn.edu.xjtu.sample.app.music.MusicController] uploadFile fileName=test17.xls
[2016-07-22 11:24:13.059] [INFO ] [cn.edu.xjtu.sample.app.music.MusicController] uploadFile originalFileName=test1.xls
[2016-07-22 11:24:13.417] [ERROR] [com.jfinal.core.ActionHandler] /app/music/uploadFile
com.wellbole.data.reader.exception.DataReadException: 导入时发生错误：
不能完成列名－》字段名的映射，请检查改列名：标题;
不能完成列名－》字段名的映射，请检查改列名：内容;

	at com.wellbole.data.reader.excel.ExcelDataReader.read(ExcelDataReader.java:170)
	at cn.edu.xjtu.sample.app.music.MusicController.uploadFile(MusicController.java:109)
	at sun.reflect.NativeMethodAccessorImpl.invoke0(Native Method)
	at sun.reflect.NativeMethodAccessorImpl.invoke(NativeMethodAccessorImpl.java:62)
	at sun.reflect.DelegatingMethodAccessorImpl.invoke(DelegatingMethodAccessorImpl.java:43)
	at java.lang.reflect.Method.invoke(Method.java:498)
	at com.jfinal.aop.Invocation.invoke(Invocation.java:74)
	at com.jfinal.plugin.activerecord.tx.Tx.intercept(Tx.java:77)
	at com.jfinal.aop.Invocation.invoke(Invocation.java:67)
	at com.jfinal.ext.plugin.shiro.ShiroInterceptor.intercept(ShiroInterceptor.java:94)
	at com.jfinal.aop.Invocation.invoke(Invocation.java:67)
	at com.jfinal.core.ActionHandler.handle(ActionHandler.java:74)
	at com.wellbole.web.core.handler.ActionExtNameHandler.handle(ActionExtNameHandler.java:45)
	at com.jfinal.ext.handler.ContextPathHandler.handle(ContextPathHandler.java:50)
	at com.jfinal.core.JFinalFilter.doFilter(JFinalFilter.java:72)
	at org.eclipse.jetty.servlet.ServletHandler$CachedChain.doFilter(ServletHandler.java:1676)
	at org.apache.shiro.web.servlet.AbstractShiroFilter.executeChain(AbstractShiroFilter.java:449)
	at org.apache.shiro.web.servlet.AbstractShiroFilter$1.call(AbstractShiroFilter.java:365)
	at org.apache.shiro.subject.support.SubjectCallable.doCall(SubjectCallable.java:90)
	at org.apache.shiro.subject.support.SubjectCallable.call(SubjectCallable.java:83)
	at org.apache.shiro.subject.support.DelegatingSubject.execute(DelegatingSubject.java:383)
	at org.apache.shiro.web.servlet.AbstractShiroFilter.doFilterInternal(AbstractShiroFilter.java:362)
	at org.apache.shiro.web.servlet.OncePerRequestFilter.doFilter(OncePerRequestFilter.java:125)
	at org.eclipse.jetty.servlet.ServletHandler$CachedChain.doFilter(ServletHandler.java:1668)
	at org.eclipse.jetty.servlets.GzipFilter.doFilter(GzipFilter.java:51)
	at org.eclipse.jetty.servlet.ServletHandler$CachedChain.doFilter(ServletHandler.java:1676)
	at org.eclipse.jetty.servlet.ServletHandler.doHandle(ServletHandler.java:581)
	at org.eclipse.jetty.server.handler.ScopedHandler.handle(ScopedHandler.java:143)
	at org.eclipse.jetty.security.SecurityHandler.handle(SecurityHandler.java:548)
	at org.eclipse.jetty.server.session.SessionHandler.doHandle(SessionHandler.java:226)
	at org.eclipse.jetty.server.handler.ContextHandler.doHandle(ContextHandler.java:1174)
	at org.eclipse.jetty.servlet.ServletHandler.doScope(ServletHandler.java:511)
	at org.eclipse.jetty.server.session.SessionHandler.doScope(SessionHandler.java:185)
	at org.eclipse.jetty.server.handler.ContextHandler.doScope(ContextHandler.java:1106)
	at org.eclipse.jetty.server.handler.ScopedHandler.handle(ScopedHandler.java:141)
	at org.eclipse.jetty.server.handler.HandlerWrapper.handle(HandlerWrapper.java:134)
	at org.eclipse.jetty.server.Server.handle(Server.java:524)
	at org.eclipse.jetty.server.HttpChannel.handle(HttpChannel.java:319)
	at org.eclipse.jetty.server.HttpConnection.onFillable(HttpConnection.java:253)
	at org.eclipse.jetty.io.AbstractConnection$ReadCallback.succeeded(AbstractConnection.java:273)
	at org.eclipse.jetty.io.FillInterest.fillable(FillInterest.java:95)
	at org.eclipse.jetty.io.SelectChannelEndPoint$2.run(SelectChannelEndPoint.java:93)
	at org.eclipse.jetty.util.thread.strategy.ExecuteProduceConsume.executeProduceConsume(ExecuteProduceConsume.java:303)
	at org.eclipse.jetty.util.thread.strategy.ExecuteProduceConsume.produceConsume(ExecuteProduceConsume.java:148)
	at org.eclipse.jetty.util.thread.strategy.ExecuteProduceConsume.run(ExecuteProduceConsume.java:136)
	at org.eclipse.jetty.util.thread.QueuedThreadPool.runJob(QueuedThreadPool.java:671)
	at org.eclipse.jetty.util.thread.QueuedThreadPool$2.run(QueuedThreadPool.java:589)
	at java.lang.Thread.run(Thread.java:745)
[2016-07-22 11:24:19.882] [INFO ] [cn.edu.xjtu.sample.app.school.SchoolController] keyword=null
[2016-07-22 11:24:20.179] [INFO ] [cn.edu.xjtu.sample.app.music.MusicController] keyword=null
[2016-07-22 11:24:20.246] [INFO ] [cn.edu.xjtu.sample.app.music.MusicController] keyword=null
[2016-07-22 11:24:38.231] [INFO ] [cn.edu.xjtu.sample.app.music.MusicController] uploadFile fileName=test2.xls
[2016-07-22 11:24:38.231] [INFO ] [cn.edu.xjtu.sample.app.music.MusicController] uploadFile originalFileName=test.xls
[2016-07-22 11:24:38.487] [INFO ] [cn.edu.xjtu.sample.app.music.MusicController] keyword=null
[2016-07-22 11:24:38.534] [INFO ] [cn.edu.xjtu.sample.app.music.MusicController] keyword=null
[2016-07-22 11:24:52.001] [INFO ] [cn.edu.xjtu.sample.app.blog.BlogController] keyword=
[2016-07-22 11:26:23.166] [INFO ] [cn.edu.xjtu.sample.app.school.SchoolController] keyword=null
[2016-07-22 11:26:37.748] [INFO ] [cn.edu.xjtu.sample.app.music.MusicController] keyword=null
[2016-07-22 11:26:37.791] [INFO ] [cn.edu.xjtu.sample.app.music.MusicController] keyword=null
[2016-07-22 11:26:51.557] [INFO ] [cn.edu.xjtu.sample.app.school.SchoolController] keyword=null
[2016-07-22 11:26:52.351] [INFO ] [cn.edu.xjtu.sample.app.music.MusicController] keyword=null
[2016-07-22 11:26:52.391] [INFO ] [cn.edu.xjtu.sample.app.music.MusicController] keyword=null
[2016-07-22 12:55:48.018] [INFO ] [com.wellbole.web.core.onlinecounter.OnlineCounterListener] 有用户登出或者超时，在线人数减1
[2016-07-22 15:03:20.106] [INFO ] [com.wellbole.web.core.onlinecounter.OnlineCounterListener] 有用户登录，在线人数加1
[2016-07-22 15:33:43.780] [INFO ] [com.wellbole.web.core.onlinecounter.OnlineCounterListener] 有用户登出或者超时，在线人数减1
