[2016-08-23 10:10:52.859] [INFO ] [wb] .
[2016-08-23 10:10:52.862] [INFO ] [wb] 作者：李飞（仨多他爹）
[2016-08-23 10:10:52.862] [INFO ] [wb] .
[2016-08-23 10:10:52.862] [INFO ] [wb] *****产品信息*****
[2016-08-23 10:10:52.863] [INFO ] [wb] JFinal版本:2.2-java8-v6
[2016-08-23 10:10:52.863] [INFO ] [wb] JFinal发布日期:2016-07-10
[2016-08-23 10:10:52.863] [INFO ] [wb] JFinal改进功能:Shiro增加自定义后缀
[2016-08-23 10:10:52.864] [INFO ] [wb] Core框架版本:8.7.1
[2016-08-23 10:10:52.864] [INFO ] [wb] Core框架发布日期:2016-07-13
[2016-08-23 10:10:52.864] [INFO ] [wb] Core框架改进功能:主键支持Long，Integer和String三种
[2016-08-23 10:10:52.864] [INFO ] [wb] Web框架版本:9.11.3
[2016-08-23 10:10:52.865] [INFO ] [wb] Web框架发布日期:2016-07-29
[2016-08-23 10:10:52.866] [INFO ] [wb] Web框架改进功能:去掉操作日志导出功能，修正用户锁定状态显示问题
[2016-08-23 10:10:52.866] [INFO ] [wb] App应用版本:2.0
[2016-08-23 10:10:52.866] [INFO ] [wb] App应用发布日期:2015-09-05
[2016-08-23 10:10:52.866] [INFO ] [wb] App应用改进功能:核心框架更新
[2016-08-23 10:10:52.866] [INFO ] [wb] .
[2016-08-23 10:10:52.866] [INFO ] [wb] *****配置信息*****
[2016-08-23 10:10:52.867] [INFO ] [wb] runMode:dev
[2016-08-23 10:10:52.867] [INFO ] [wb] 运行模式:开发模式，显示请求参数，显示执行的SQL
[2016-08-23 10:10:52.867] [INFO ] [wb] 运行端口：8000
[2016-08-23 10:10:52.878] [INFO ] [wb] 访问地址：http://10.0.1.28:8000/
[2016-08-23 10:10:52.878] [INFO ] [wb] 访问地址：http://127.0.0.1:8000/
[2016-08-23 10:10:52.878] [INFO ] [wb] .
[2016-08-23 10:10:52.882] [INFO ] [wb] *****环境信息*****
[2016-08-23 10:10:52.882] [INFO ] [wb] os.name         = Mac OS X
[2016-08-23 10:10:52.882] [INFO ] [wb] os.version      = 10.11.6
[2016-08-23 10:10:52.882] [INFO ] [wb] os.arch         = x86_64
[2016-08-23 10:10:52.883] [INFO ] [wb] file.separator  = /
[2016-08-23 10:10:52.883] [INFO ] [wb] java.version    = 1.8.0_91
[2016-08-23 10:10:52.883] [INFO ] [wb] java.vm.version = 25.91-b14
[2016-08-23 10:10:52.883] [INFO ] [wb] java.home       = /Library/Java/JavaVirtualMachines/jdk1.8.0_91.jdk/Contents/Home/jre
[2016-08-23 10:10:52.884] [INFO ] [wb] java.class.path = /Users/cc/javawoworkspace/sample/WebRoot/WEB-INF/classes:/Users/cc/javawoworkspace/sample/WebRoot/WEB-INF/lib/HikariCP-2.4.6.jar:/Users/cc/javawoworkspace/sample/WebRoot/WEB-INF/lib/antlr4-runtime-4.5.3.jar:/Users/cc/javawoworkspace/sample/WebRoot/WEB-INF/lib/barcode4j-2.1.jar:/Users/cc/javawoworkspace/sample/WebRoot/WEB-INF/lib/beetl-2.5.0.jar:/Users/cc/javawoworkspace/sample/WebRoot/WEB-INF/lib/cas-client-core-3.4.1.jar:/Users/cc/javawoworkspace/sample/WebRoot/WEB-INF/lib/cas-client-support-saml-3.4.1.jar:/Users/cc/javawoworkspace/sample/WebRoot/WEB-INF/lib/casclient.jar:/Users/cc/javawoworkspace/sample/WebRoot/WEB-INF/lib/cglib-nodep-3.2.1.jar:/Users/cc/javawoworkspace/sample/WebRoot/WEB-INF/lib/commons-beanutils-1.9.2.jar:/Users/cc/javawoworkspace/sample/WebRoot/WEB-INF/lib/commons-cli-1.3.1.jar:/Users/cc/javawoworkspace/sample/WebRoot/WEB-INF/lib/commons-codec-1.9.jar:/Users/cc/javawoworkspace/sample/WebRoot/WEB-INF/lib/commons-email-1.4.jar:/Users/cc/javawoworkspace/sample/WebRoot/WEB-INF/lib/commons-lang3-3.4.jar:/Users/cc/javawoworkspace/sample/WebRoot/WEB-INF/lib/commons-logging-1.2.jar:/Users/cc/javawoworkspace/sample/WebRoot/WEB-INF/lib/commons-net-3.4.jar:/Users/cc/javawoworkspace/sample/WebRoot/WEB-INF/lib/commons-pool-1.6.jar:/Users/cc/javawoworkspace/sample/WebRoot/WEB-INF/lib/commons-pool2-2.2.jar:/Users/cc/javawoworkspace/sample/WebRoot/WEB-INF/lib/cos-26Dec2008.jar:/Users/cc/javawoworkspace/sample/WebRoot/WEB-INF/lib/cron4j-2.2.5.jar:/Users/cc/javawoworkspace/sample/WebRoot/WEB-INF/lib/druid-1.0.22.jar:/Users/cc/javawoworkspace/sample/WebRoot/WEB-INF/lib/ehcache-2.10.2.jar:/Users/cc/javawoworkspace/sample/WebRoot/WEB-INF/lib/fastjson-1.2.13.jar:/Users/cc/javawoworkspace/sample/WebRoot/WEB-INF/lib/guava-19.0.jar:/Users/cc/javawoworkspace/sample/WebRoot/WEB-INF/lib/httpclient-4.3.6.jar:/Users/cc/javawoworkspace/sample/WebRoot/WEB-INF/lib/httpcore-4.3.3.jar:/Users/cc/javawoworkspace/sample/WebRoot/WEB-INF/lib/ini4j-0.5.4.jar:/Users/cc/javawoworkspace/sample/WebRoot/WEB-INF/lib/javassist-3.20.0-GA.jar:/Users/cc/javawoworkspace/sample/WebRoot/WEB-INF/lib/javax.servlet-api-3.1.0.jar:/Users/cc/javawoworkspace/sample/WebRoot/WEB-INF/lib/javax.transaction-api-1.2.jar:/Users/cc/javawoworkspace/sample/WebRoot/WEB-INF/lib/javax.websocket-api-1.1.jar:/Users/cc/javawoworkspace/sample/WebRoot/WEB-INF/lib/jcommander-1.35.jar:/Users/cc/javawoworkspace/sample/WebRoot/WEB-INF/lib/jdbf-2.1.0.jar:/Users/cc/javawoworkspace/sample/WebRoot/WEB-INF/lib/jetty-all-9.3.9.v20160517-uber.jar:/Users/cc/javawoworkspace/sample/WebRoot/WEB-INF/lib/jfinal-2.2-java8-v6.jar:/Users/cc/javawoworkspace/sample/WebRoot/WEB-INF/lib/jfinal-scheduler-2.2.0.jar:/Users/cc/javawoworkspace/sample/WebRoot/WEB-INF/lib/jfinal-sqlbuilder-1.0.0-rc2.jar:/Users/cc/javawoworkspace/sample/WebRoot/WEB-INF/lib/jfinal-weixin.jar:/Users/cc/javawoworkspace/sample/WebRoot/WEB-INF/lib/jfinal-zbus-6.3.4.jar:/Users/cc/javawoworkspace/sample/WebRoot/WEB-INF/lib/joda-time-2.9.3.jar:/Users/cc/javawoworkspace/sample/WebRoot/WEB-INF/lib/jpinyin-1.1.3.jar:/Users/cc/javawoworkspace/sample/WebRoot/WEB-INF/lib/jsr305-3.0.1.jar:/Users/cc/javawoworkspace/sample/WebRoot/WEB-INF/lib/ksoap2-android-assembly-3.0.0-RC.4-jar-with-dependencies.jar:/Users/cc/javawoworkspace/sample/WebRoot/WEB-INF/lib/log4j-1.2.17.jar:/Users/cc/javawoworkspace/sample/WebRoot/WEB-INF/lib/lombok-1.16.2.jar:/Users/cc/javawoworkspace/sample/WebRoot/WEB-INF/lib/mail-1.4.7.jar:/Users/cc/javawoworkspace/sample/WebRoot/WEB-INF/lib/mapdb-1.0.9.jar:/Users/cc/javawoworkspace/sample/WebRoot/WEB-INF/lib/mysql-connector-java-5.1.38.jar:/Users/cc/javawoworkspace/sample/WebRoot/WEB-INF/lib/postgresql-9.4.1208.jar:/Users/cc/javawoworkspace/sample/WebRoot/WEB-INF/lib/reflections-0.9.10.jar:/Users/cc/javawoworkspace/sample/WebRoot/WEB-INF/lib/shiro-cas-1.2.6.jar:/Users/cc/javawoworkspace/sample/WebRoot/WEB-INF/lib/shiro-core-1.2.6.jar:/Users/cc/javawoworkspace/sample/WebRoot/WEB-INF/lib/shiro-spring-1.2.5.jar:/Users/cc/javawoworkspace/sample/WebRoot/WEB-INF/lib/shiro-web-1.2.6.jar:/Users/cc/javawoworkspace/sample/WebRoot/WEB-INF/lib/sign-api-1.0.0.jar:/Users/cc/javawoworkspace/sample/WebRoot/WEB-INF/lib/slf4j-api-1.7.19.jar:/Users/cc/javawoworkspace/sample/WebRoot/WEB-INF/lib/slf4j-log4j12-1.7.19.jar:/Users/cc/javawoworkspace/sample/WebRoot/WEB-INF/lib/sqljdbc4.jar:/Users/cc/javawoworkspace/sample/WebRoot/WEB-INF/lib/uuid-3.4.jar:/Users/cc/javawoworkspace/sample/WebRoot/WEB-INF/lib/wb-core-8.7.2-sources.jar:/Users/cc/javawoworkspace/sample/WebRoot/WEB-INF/lib/wb-core-8.7.2.jar:/Users/cc/javawoworkspace/sample/WebRoot/WEB-INF/lib/wb-data-wr-4.8.6.jar:/Users/cc/javawoworkspace/sample/WebRoot/WEB-INF/lib/wb-jxl-2.6.12.jar:/Users/cc/javawoworkspace/sample/WebRoot/WEB-INF/lib/wb-web-9.11.3.jar:/Users/cc/javawoworkspace/sample/WebRoot/WEB-INF/lib/xmlbeans-2.6.0.jar:/Users/cc/javawoworkspace/sample/WebRoot/WEB-INF/lib/zbus-6.3.4.jar:/Users/cc/javawoworkspace/sample/WebRoot/WEB-INF/lib/zxing-core-3.2.1.jar
[2016-08-23 10:10:52.887] [INFO ] [wb] user.name = cc
[2016-08-23 10:10:52.887] [INFO ] [wb] 处理器个数　　= 4
[2016-08-23 10:10:52.887] [INFO ] [wb] 最大可分配内存 = 1820M
[2016-08-23 10:10:52.889] [INFO ] [wb] .
[2016-08-23 10:10:52.889] [INFO ] [wb] 开始加载插件并启动JFinal
[2016-08-23 10:10:52.890] [INFO ] [wb] 每隔8秒，系统自动扫描变更，若变更则自动重启应用。
[2016-08-23 10:10:53.047] [INFO ] [org.eclipse.jetty.util.log] Logging initialized @680ms
[2016-08-23 10:10:53.428] [INFO ] [org.eclipse.jetty.server.Server] jetty-9.3.z-SNAPSHOT
[2016-08-23 10:10:53.820] [INFO ] [org.eclipse.jetty.webapp.StandardDescriptorProcessor] NO JSP Support for /, did not find org.eclipse.jetty.jsp.JettyJspServlet
[2016-08-23 10:10:53.925] [INFO ] [/] Initializing Shiro environment
[2016-08-23 10:10:53.927] [INFO ] [org.apache.shiro.web.env.EnvironmentLoader] Starting Shiro environment initialization.
[2016-08-23 10:10:54.438] [INFO ] [org.apache.shiro.config.IniSecurityManagerFactory] Realms have been explicitly set on the SecurityManager instance - auto-setting of realms will not occur.
[2016-08-23 10:10:54.441] [INFO ] [org.apache.shiro.web.env.EnvironmentLoader] Shiro environment initialized in 509 ms.
[2016-08-23 10:10:54.443] [WARN ] [org.eclipse.jetty.util.DeprecationWarning] Using @Deprecated Class org.eclipse.jetty.servlets.GzipFilter
[2016-08-23 10:10:54.445] [WARN ] [org.eclipse.jetty.servlets.GzipFilter] GzipFilter is deprecated. Use GzipHandler
[2016-08-23 10:10:54.477] [INFO ] [wb] scanPackage=com.wellbole,cn.edu.xjtu
[2016-08-23 10:10:54.791] [INFO ] [org.reflections.Reflections] Reflections took 205 ms to scan 6 urls, producing 117 keys and 484 values [using 4 cores]
[2016-08-23 10:10:54.937] [INFO ] [wb] routes.add("/srNewsResult",SrNewsResultController.class);
[2016-08-23 10:10:54.940] [INFO ] [wb] routes.add("/sys/file",WbFileController.class);
[2016-08-23 10:10:54.941] [INFO ] [wb] routes.add("/account",LoginController.class);
[2016-08-23 10:10:54.943] [INFO ] [wb] routes.add("/sys/resource",ResourceController.class);
[2016-08-23 10:10:54.944] [INFO ] [wb] routes.add("/sys/dict",DictController.class);
[2016-08-23 10:10:54.944] [INFO ] [wb] routes.add("/uRLiterature",URLiteratureController.class);
[2016-08-23 10:10:54.945] [INFO ] [wb] routes.add("/uRUniversity",URUniversityController.class);
[2016-08-23 10:10:54.945] [INFO ] [wb] routes.add("/sys/error",ErrorController.class);
[2016-08-23 10:10:54.946] [INFO ] [wb] routes.add("/srTopicsResult",SrTopicsResultController.class);
[2016-08-23 10:10:54.947] [INFO ] [wb] routes.add("/uRWrittenBy",URWrittenByController.class);
[2016-08-23 10:10:54.947] [INFO ] [wb] routes.add("/patentRepo",PatentRepoController.class);
[2016-08-23 10:10:54.948] [INFO ] [wb] routes.add("/app/article",ArticleController.class);
[2016-08-23 10:10:54.948] [INFO ] [wb] routes.add("/uRConference",URConferenceController.class);
[2016-08-23 10:10:54.948] [INFO ] [wb] routes.add("/sys/webix",WebixController.class);
[2016-08-23 10:10:54.949] [INFO ] [wb] routes.add("/sys/tag",TagController.class);
[2016-08-23 10:10:54.950] [INFO ] [wb] routes.add("/kit",KitController.class);
[2016-08-23 10:10:54.951] [INFO ] [wb] routes.add("/sys/org",OrgController.class);
[2016-08-23 10:10:54.951] [INFO ] [wb] routes.add("/crawlerRepo",CrawlerRepoController.class);
[2016-08-23 10:10:54.952] [INFO ] [wb] routes.add("/uRAffiliatedWith",URAffiliatedWithController.class);
[2016-08-23 10:10:54.953] [INFO ] [wb] routes.add("/sys/urlRewriter",UrlRewriterController.class);
[2016-08-23 10:10:54.953] [INFO ] [wb] routes.add("/sys/message",MessageController.class);
[2016-08-23 10:10:54.954] [INFO ] [wb] routes.add("/sys/dicttype",DictTypeController.class);
[2016-08-23 10:10:54.954] [INFO ] [wb] routes.add("/dissertationRepo",DissertationRepoController.class);
[2016-08-23 10:10:54.956] [INFO ] [wb] routes.add("/appArticle",AppArticleController.class);
[2016-08-23 10:10:54.957] [INFO ] [wb] routes.add("/sys/user",UserController.class);
[2016-08-23 10:10:54.957] [INFO ] [wb] routes.add("/oaRepo",OaRepoController.class);
[2016-08-23 10:10:54.958] [INFO ] [wb] routes.add("/srPost",SrPostController.class);
[2016-08-23 10:10:54.959] [INFO ] [wb] routes.add("/ebookRepo",EbookRepoController.class);
[2016-08-23 10:10:54.961] [INFO ] [wb] routes.add("/sys/role",RoleController.class);
[2016-08-23 10:10:54.962] [INFO ] [wb] routes.add("/srPostTopic",SrPostTopicController.class);
[2016-08-23 10:10:54.962] [INFO ] [wb] routes.add("/sys/setting",SettingController.class);
[2016-08-23 10:10:54.962] [INFO ] [wb] routes.add("/confRepo",ConfRepoController.class);
[2016-08-23 10:10:54.963] [INFO ] [wb] routes.add("/sys/test",TestController.class);
[2016-08-23 10:10:54.964] [INFO ] [wb] routes.add("/sys/version",VersionController.class);
[2016-08-23 10:10:54.966] [INFO ] [wb] routes.add("/index",IndexController.class);
[2016-08-23 10:10:54.967] [INFO ] [wb] routes.add("/sys/optlog",OptlogController.class);
[2016-08-23 10:10:54.968] [INFO ] [wb] routes.add("/srTopic",SrTopicController.class);
[2016-08-23 10:10:54.969] [INFO ] [wb] routes.add("/uRAuthor",URAuthorController.class);
[2016-08-23 10:10:55.016] [INFO ] [wb] 添加EhCachePlugin插件
[2016-08-23 10:10:55.022] [INFO ] [wb] os.namemac os x
[2016-08-23 10:10:55.022] [INFO ] [wb] os.archx86_64
[2016-08-23 10:10:55.140] [INFO ] [wb] 添加HikaricpPlugin插件(config=sample[main])
[2016-08-23 10:10:55.146] [INFO ] [wb] 添加ActiveRecordPlugin插件(config=sample[main])
[2016-08-23 10:10:55.193] [INFO ] [wb] arp.addMapping("sr_post",SrPost.class);[config=main]
[2016-08-23 10:10:55.194] [INFO ] [wb] arp.addMapping("conf_repo",ConfRepo.class);[config=main]
[2016-08-23 10:10:55.194] [INFO ] [wb] arp.addMapping("sys_dict",Dict.class);[config=main]
[2016-08-23 10:10:55.195] [INFO ] [wb] arp.addMapping("sys_file",WbFile.class);[config=main]
[2016-08-23 10:10:55.196] [INFO ] [wb] arp.addMapping("sr_news_result",SrNewsResult.class);[config=main]
[2016-08-23 10:10:55.196] [INFO ] [wb] arp.addMapping("sys_dict_type",DictType.class);[config=main]
[2016-08-23 10:10:55.196] [INFO ] [wb] arp.addMapping("sys_tag",Tag.class);[config=main]
[2016-08-23 10:10:55.196] [INFO ] [wb] arp.addMapping("app_article",Article.class);[config=main]
[2016-08-23 10:10:55.197] [INFO ] [wb] arp.addMapping("sys_tag_obj",TagObj.class);[config=main]
[2016-08-23 10:10:55.197] [INFO ] [wb] arp.addMapping("sys_version",Version.class);[config=main]
[2016-08-23 10:10:55.197] [INFO ] [wb] arp.addMapping("dissertation_repo",DissertationRepo.class);[config=main]
[2016-08-23 10:10:55.198] [INFO ] [wb] arp.addMapping("u_r_conference",URConference.class);[config=main]
[2016-08-23 10:10:55.198] [INFO ] [wb] arp.addMapping("sys_role_welcome",RoleWelcome.class);[config=main]
[2016-08-23 10:10:55.198] [INFO ] [wb] arp.addMapping("sys_role",Role.class);[config=main]
[2016-08-23 10:10:55.198] [INFO ] [wb] arp.addMapping("oa_repo",OaRepo.class);[config=main]
[2016-08-23 10:10:55.199] [INFO ] [wb] arp.addMapping("ebook_repo",EbookRepo.class);[config=main]
[2016-08-23 10:10:55.200] [INFO ] [wb] arp.addMapping("sys_setting",Setting.class);[config=main]
[2016-08-23 10:10:55.200] [INFO ] [wb] arp.addMapping("app_article",AppArticle.class);[config=main]
[2016-08-23 10:10:55.200] [INFO ] [wb] arp.addMapping("sys_optlog",Optlog.class);[config=main]
[2016-08-23 10:10:55.200] [INFO ] [wb] arp.addMapping("u_r_written_by",URWrittenBy.class);[config=main]
[2016-08-23 10:10:55.201] [INFO ] [wb] arp.addMapping("sys_role_resource",RoleResource.class);[config=main]
[2016-08-23 10:10:55.201] [INFO ] [wb] arp.addMapping("sys_org",Org.class);[config=main]
[2016-08-23 10:10:55.201] [INFO ] [wb] arp.addMapping("u_r_affiliated_with",URAffiliatedWith.class);[config=main]
[2016-08-23 10:10:55.201] [INFO ] [wb] arp.addMapping("sys_resource",Resource.class);[config=main]
[2016-08-23 10:10:55.202] [INFO ] [wb] arp.addMapping("sr_topic",SrTopic.class);[config=main]
[2016-08-23 10:10:55.202] [INFO ] [wb] arp.addMapping("sr_post_topic",SrPostTopic.class);[config=main]
[2016-08-23 10:10:55.202] [INFO ] [wb] arp.addMapping("patent_repo",PatentRepo.class);[config=main]
[2016-08-23 10:10:55.202] [INFO ] [wb] arp.addMapping("sr_topics_result",SrTopicsResult.class);[config=main]
[2016-08-23 10:10:55.203] [INFO ] [wb] arp.addMapping("u_r_author",URAuthor.class);[config=main]
[2016-08-23 10:10:55.203] [INFO ] [wb] arp.addMapping("sys_user_role",UserRole.class);[config=main]
[2016-08-23 10:10:55.203] [INFO ] [wb] arp.addMapping("crawler_repo",CrawlerRepo.class);[config=main]
[2016-08-23 10:10:55.204] [INFO ] [wb] arp.addMapping("u_r_literature",URLiterature.class);[config=main]
[2016-08-23 10:10:55.204] [INFO ] [wb] arp.addMapping("sys_message",Message.class);[config=main]
[2016-08-23 10:10:55.204] [INFO ] [wb] arp.addMapping("u_r_university",URUniversity.class);[config=main]
[2016-08-23 10:10:55.205] [INFO ] [wb] arp.addMapping("sys_user",User.class);[config=main]
[2016-08-23 10:10:55.208] [INFO ] [wb] 添加ShiroPlugin插件
[2016-08-23 10:10:55.254] [INFO ] [org.zbus.mq.server.MqAdaptor] Loading DiskQueues...
[2016-08-23 10:10:55.262] [INFO ] [ZbusPlugin] 创建broker成功(brokerAddress=jvm)
[2016-08-23 10:10:55.347] [INFO ] [org.reflections.Reflections] Reflections took 82 ms to scan 7 urls, producing 123 keys and 512 values [using 4 cores]
[2016-08-23 10:10:55.367] [INFO ] [ZbusPlugin] 通过注解自动加载Event(Topic)消息处理器( mq=_mq_event_,topic=com.wellbole.web.sys.setting.SettingEvent,handler=com.wellbole.web.sys.org.SettingEventListener )
[2016-08-23 10:10:55.375] [INFO ] [ZbusPlugin] 通过注解自动加载Event(Topic)消息处理器( mq=_mq_event_,topic=com.wellbole.web.sys.org.OrgEvent,handler=com.wellbole.web.sys.user.OrgEventListener )
[2016-08-23 10:10:55.375] [INFO ] [wb] 添加zbus插件
[2016-08-23 10:10:55.885] [INFO ] [com.zaxxer.hikari.HikariDataSource] sample[main] - Started.
[2016-08-23 10:10:56.388] [INFO ] [ZbusPlugin] 创建Topic消费者成功 (mq=_mq_event_,topic=com.wellbole.web.sys.setting.SettingEvent)
[2016-08-23 10:10:56.396] [INFO ] [org.zbus.mq.server.MqAdaptor] MQ Created: org.zbus.mq.server.PubSub@581ee025
[2016-08-23 10:10:56.401] [INFO ] [ZbusPlugin] 创建Topic消费者成功 (mq=_mq_event_,topic=com.wellbole.web.sys.org.OrgEvent)
[2016-08-23 10:10:56.530] [INFO ] [org.reflections.Reflections] Reflections took 100 ms to scan 7 urls, producing 117 keys and 494 values [using 4 cores]
[2016-08-23 10:10:56.534] [INFO ] [wb] 添加ShiroInterceptor拦截器
[2016-08-23 10:10:56.535] [INFO ] [wb] 添加上下文自动设定处理器，参数值为：base
[2016-08-23 10:10:56.535] [INFO ] [wb] 添加后缀名转换处理器，参数值为：.do
[2016-08-23 10:10:56.603] [INFO ] [org.eclipse.jetty.server.handler.ContextHandler] Started o.e.j.w.WebAppContext@39dcf4b0{/,file:///Users/cc/javawoworkspace/sample/WebRoot/,AVAILABLE}
[2016-08-23 10:10:56.634] [INFO ] [org.eclipse.jetty.server.AbstractConnector] Started ServerConnector@48c35007{HTTP/1.1,[http/1.1]}{0.0.0.0:8000}
[2016-08-23 10:10:56.635] [INFO ] [org.eclipse.jetty.server.Server] Started @4276ms
[2016-08-23 10:19:11.757] [INFO ] [com.wellbole.web.core.onlinecounter.OnlineCounterListener] 有用户登录，在线人数加1
[2016-08-23 10:19:20.718] [INFO ] [wb] os.namemac os x
[2016-08-23 10:19:20.718] [INFO ] [wb] os.archx86_64
[2016-08-23 10:19:21.016] [INFO ] [com.wellbole.web.sys.login.LoginController] 用户:admin 登录系统,登录IP：0:0:0:0:0:0:0:1
[2016-08-23 10:19:23.448] [INFO ] [cn.edu.xjtu.ikcest.srpost.SrPostController] keyword=null
[2016-08-23 10:19:24.747] [INFO ] [cn.edu.xjtu.ikcest.srposttopic.SrPostTopicController] keyword=null
[2016-08-23 10:19:25.564] [INFO ] [cn.edu.xjtu.ikcest.srtopic.SrTopicController] keyword=null
[2016-08-23 10:19:26.391] [INFO ] [cn.edu.xjtu.ikcest.srnewsresult.SrNewsResultController] keyword=null
[2016-08-23 10:19:27.210] [INFO ] [cn.edu.xjtu.ikcest.crawlerrepo.CrawlerRepoController] keyword=null
[2016-08-23 10:19:29.806] [INFO ] [cn.edu.xjtu.ikcest.confrepo.ConfRepoController] keyword=null
[2016-08-23 10:19:33.929] [INFO ] [cn.edu.xjtu.ikcest.dissertationrepo.DissertationRepoController] keyword=null
[2016-08-23 10:19:35.138] [INFO ] [cn.edu.xjtu.ikcest.ebookrepo.EbookRepoController] keyword=null
[2016-08-23 10:19:36.315] [INFO ] [cn.edu.xjtu.ikcest.patentrepo.PatentRepoController] keyword=null
[2016-08-23 10:19:38.735] [INFO ] [cn.edu.xjtu.ikcest.urauthor.URAuthorController] keyword=null
[2016-08-23 10:19:40.576] [INFO ] [cn.edu.xjtu.ikcest.uruniversity.URUniversityController] keyword=null
[2016-08-23 10:19:41.711] [INFO ] [cn.edu.xjtu.ikcest.urconference.URConferenceController] keyword=null
[2016-08-23 10:19:44.346] [INFO ] [cn.edu.xjtu.ikcest.urliterature.URLiteratureController] keyword=null
[2016-08-23 10:20:29.999] [WARN ] [com.jfinal.core.Injector] Maybe the model attribute 0 is not exists. Please check parameter's name!
[2016-08-23 10:20:30.017] [ERROR] [com.jfinal.core.ActionHandler] /uRLiterature/create
com.jfinal.plugin.activerecord.ActiveRecordException: com.mysql.jdbc.exceptions.jdbc4.MySQLIntegrityConstraintViolationException: Cannot add or update a child row: a foreign key constraint fails (`system`.`u_r_literature`, CONSTRAINT `u_r_literature_ibfk_1` FOREIGN KEY (`conference_name`) REFERENCES `u_r_conference` (`name`))
	at com.jfinal.plugin.activerecord.Model.save(Model.java:422)
	at com.jfinal.plugin.sqlbuilder.model.SqlBuilderModel.save(SqlBuilderModel.java:193)
	at com.wellbole.core.model.SqlBuilderBaseModel.save(SqlBuilderBaseModel.java:138)
	at com.wellbole.web.core.controller.SqlBuilderBaseCrudController.create(SqlBuilderBaseCrudController.java:128)
	at sun.reflect.NativeMethodAccessorImpl.invoke0(Native Method)
	at sun.reflect.NativeMethodAccessorImpl.invoke(NativeMethodAccessorImpl.java:62)
	at sun.reflect.DelegatingMethodAccessorImpl.invoke(DelegatingMethodAccessorImpl.java:43)
	at java.lang.reflect.Method.invoke(Method.java:498)
	at com.jfinal.aop.Invocation.invoke(Invocation.java:74)
	at com.jfinal.plugin.activerecord.tx.Tx.intercept(Tx.java:77)
	at com.jfinal.aop.Invocation.invoke(Invocation.java:67)
	at com.jfinal.ext.plugin.shiro.ShiroInterceptor.intercept(ShiroInterceptor.java:94)
	at com.jfinal.aop.Invocation.invoke(Invocation.java:67)
	at com.jfinal.core.ActionHandler.handle(ActionHandler.java:74)
	at com.wellbole.web.core.handler.ActionExtNameHandler.handle(ActionExtNameHandler.java:45)
	at com.jfinal.ext.handler.ContextPathHandler.handle(ContextPathHandler.java:50)
	at com.jfinal.core.JFinalFilter.doFilter(JFinalFilter.java:72)
	at org.eclipse.jetty.servlet.ServletHandler$CachedChain.doFilter(ServletHandler.java:1676)
	at org.apache.shiro.web.servlet.AbstractShiroFilter.executeChain(AbstractShiroFilter.java:449)
	at org.apache.shiro.web.servlet.AbstractShiroFilter$1.call(AbstractShiroFilter.java:365)
	at org.apache.shiro.subject.support.SubjectCallable.doCall(SubjectCallable.java:90)
	at org.apache.shiro.subject.support.SubjectCallable.call(SubjectCallable.java:83)
	at org.apache.shiro.subject.support.DelegatingSubject.execute(DelegatingSubject.java:383)
	at org.apache.shiro.web.servlet.AbstractShiroFilter.doFilterInternal(AbstractShiroFilter.java:362)
	at org.apache.shiro.web.servlet.OncePerRequestFilter.doFilter(OncePerRequestFilter.java:125)
	at org.eclipse.jetty.servlet.ServletHandler$CachedChain.doFilter(ServletHandler.java:1668)
	at org.eclipse.jetty.servlets.GzipFilter.doFilter(GzipFilter.java:51)
	at org.eclipse.jetty.servlet.ServletHandler$CachedChain.doFilter(ServletHandler.java:1676)
	at org.eclipse.jetty.servlet.ServletHandler.doHandle(ServletHandler.java:581)
	at org.eclipse.jetty.server.handler.ScopedHandler.handle(ScopedHandler.java:143)
	at org.eclipse.jetty.security.SecurityHandler.handle(SecurityHandler.java:548)
	at org.eclipse.jetty.server.session.SessionHandler.doHandle(SessionHandler.java:226)
	at org.eclipse.jetty.server.handler.ContextHandler.doHandle(ContextHandler.java:1174)
	at org.eclipse.jetty.servlet.ServletHandler.doScope(ServletHandler.java:511)
	at org.eclipse.jetty.server.session.SessionHandler.doScope(SessionHandler.java:185)
	at org.eclipse.jetty.server.handler.ContextHandler.doScope(ContextHandler.java:1106)
	at org.eclipse.jetty.server.handler.ScopedHandler.handle(ScopedHandler.java:141)
	at org.eclipse.jetty.server.handler.HandlerWrapper.handle(HandlerWrapper.java:134)
	at org.eclipse.jetty.server.Server.handle(Server.java:524)
	at org.eclipse.jetty.server.HttpChannel.handle(HttpChannel.java:319)
	at org.eclipse.jetty.server.HttpConnection.onFillable(HttpConnection.java:253)
	at org.eclipse.jetty.io.AbstractConnection$ReadCallback.succeeded(AbstractConnection.java:273)
	at org.eclipse.jetty.io.FillInterest.fillable(FillInterest.java:95)
	at org.eclipse.jetty.io.SelectChannelEndPoint$2.run(SelectChannelEndPoint.java:93)
	at org.eclipse.jetty.util.thread.strategy.ExecuteProduceConsume.executeProduceConsume(ExecuteProduceConsume.java:303)
	at org.eclipse.jetty.util.thread.strategy.ExecuteProduceConsume.produceConsume(ExecuteProduceConsume.java:148)
	at org.eclipse.jetty.util.thread.strategy.ExecuteProduceConsume.run(ExecuteProduceConsume.java:136)
	at org.eclipse.jetty.util.thread.QueuedThreadPool.runJob(QueuedThreadPool.java:671)
	at org.eclipse.jetty.util.thread.QueuedThreadPool$2.run(QueuedThreadPool.java:589)
	at java.lang.Thread.run(Thread.java:745)
Caused by: com.mysql.jdbc.exceptions.jdbc4.MySQLIntegrityConstraintViolationException: Cannot add or update a child row: a foreign key constraint fails (`system`.`u_r_literature`, CONSTRAINT `u_r_literature_ibfk_1` FOREIGN KEY (`conference_name`) REFERENCES `u_r_conference` (`name`))
	at sun.reflect.NativeConstructorAccessorImpl.newInstance0(Native Method)
	at sun.reflect.NativeConstructorAccessorImpl.newInstance(NativeConstructorAccessorImpl.java:62)
	at sun.reflect.DelegatingConstructorAccessorImpl.newInstance(DelegatingConstructorAccessorImpl.java:45)
	at java.lang.reflect.Constructor.newInstance(Constructor.java:423)
	at com.mysql.jdbc.Util.handleNewInstance(Util.java:404)
	at com.mysql.jdbc.Util.getInstance(Util.java:387)
	at com.mysql.jdbc.SQLError.createSQLException(SQLError.java:932)
	at com.mysql.jdbc.MysqlIO.checkErrorPacket(MysqlIO.java:3878)
	at com.mysql.jdbc.MysqlIO.checkErrorPacket(MysqlIO.java:3814)
	at com.mysql.jdbc.MysqlIO.sendCommand(MysqlIO.java:2478)
	at com.mysql.jdbc.ServerPreparedStatement.serverExecute(ServerPreparedStatement.java:1274)
	at com.mysql.jdbc.ServerPreparedStatement.executeInternal(ServerPreparedStatement.java:780)
	at com.mysql.jdbc.PreparedStatement.executeUpdateInternal(PreparedStatement.java:2073)
	at com.mysql.jdbc.PreparedStatement.executeUpdateInternal(PreparedStatement.java:2009)
	at com.mysql.jdbc.PreparedStatement.executeLargeUpdate(PreparedStatement.java:5094)
	at com.mysql.jdbc.PreparedStatement.executeUpdate(PreparedStatement.java:1994)
	at com.zaxxer.hikari.pool.ProxyPreparedStatement.executeUpdate(ProxyPreparedStatement.java:61)
	at com.zaxxer.hikari.pool.HikariProxyPreparedStatement.executeUpdate(HikariProxyPreparedStatement.java)
	at com.jfinal.plugin.activerecord.Model.save(Model.java:417)
	... 49 more
[2016-08-23 10:38:21.384] [INFO ] [cn.edu.xjtu.ikcest.uraffiliatedwith.URAffiliatedWithController] keyword=null
[2016-08-23 10:38:22.342] [INFO ] [cn.edu.xjtu.ikcest.oarepo.OaRepoController] keyword=null
[2016-08-23 10:38:23.468] [INFO ] [cn.edu.xjtu.ikcest.urconference.URConferenceController] keyword=null
[2016-08-23 10:39:23.606] [INFO ] [cn.edu.xjtu.ikcest.urliterature.URLiteratureController] keyword=null
[2016-08-23 10:39:24.326] [INFO ] [cn.edu.xjtu.ikcest.urconference.URConferenceController] keyword=null
[2016-08-23 10:39:25.124] [INFO ] [cn.edu.xjtu.ikcest.uraffiliatedwith.URAffiliatedWithController] keyword=null
[2016-08-23 10:39:25.805] [INFO ] [cn.edu.xjtu.ikcest.urconference.URConferenceController] keyword=null
[2016-08-23 10:39:36.450] [WARN ] [com.jfinal.core.Injector] Maybe the model attribute 0 is not exists. Please check parameter's name!
[2016-08-23 10:39:36.471] [INFO ] [cn.edu.xjtu.ikcest.urconference.URConferenceController] keyword=null
